This file contains any messages produced by compilers while
running configure, to aid debugging if configure makes a mistake.

It was created by virt-viewer configure 0.5.7, which was
generated by GNU Autoconf 2.69.  Invocation command line was

  $ ./configure --host=x86_64-w64-mingw32 --build=x86_64-redhat-linux-gnu --target=x86_64-w64-mingw32 --prefix=/usr/x86_64-w64-mingw32/sys-root/mingw --exec-prefix=/usr/x86_64-w64-mingw32/sys-root/mingw --bindir=/usr/x86_64-w64-mingw32/sys-root/mingw/bin --sbindir=/usr/x86_64-w64-mingw32/sys-root/mingw/sbin --sysconfdir=/usr/x86_64-w64-mingw32/sys-root/mingw/etc --datadir=/usr/x86_64-w64-mingw32/sys-root/mingw/share --includedir=/usr/x86_64-w64-mingw32/sys-root/mingw/include --libdir=/usr/x86_64-w64-mingw32/sys-root/mingw/lib --libexecdir=/usr/x86_64-w64-mingw32/sys-root/mingw/libexec --localstatedir=/usr/x86_64-w64-mingw32/sys-root/mingw/var --sharedstatedir=/usr/x86_64-w64-mingw32/sys-root/mingw/com --mandir=/usr/x86_64-w64-mingw32/sys-root/mingw/share/man --infodir=/usr/x86_64-w64-mingw32/sys-root/mingw/share/info --without-sasl --with-gtk=2.0 --with-audio=gstreamer --without-python --enable-usbredir=yes --enable-smartcard=no

## --------- ##
## Platform. ##
## --------- ##

hostname = localhost.localdomain
uname -m = x86_64
uname -r = 3.14.19-100.fc19.x86_64
uname -s = Linux
uname -v = #1 SMP Wed Sep 17 22:05:21 UTC 2014

/usr/bin/uname -p = x86_64
/bin/uname -X     = unknown

/bin/arch              = x86_64
/usr/bin/arch -k       = unknown
/usr/convex/getsysinfo = unknown
/usr/bin/hostinfo      = unknown
/bin/machine           = unknown
/usr/bin/oslevel       = unknown
/bin/universe          = unknown

PATH: /usr/x86_64-w64-mingw32/sys-root/mingw/bin
PATH: /usr/local/bin
PATH: /usr/bin
PATH: /usr/local/sbin
PATH: /usr/sbin
PATH: /home/openstack/.local/bin
PATH: /home/openstack/bin


## ----------- ##
## Core tests. ##
## ----------- ##

configure:2416: checking for a BSD-compatible install
configure:2484: result: /usr/bin/install -c
configure:2495: checking whether build environment is sane
configure:2550: result: yes
configure:2609: checking for x86_64-w64-mingw32-strip
configure:2636: result: /usr/bin/x86_64-w64-mingw32-strip
configure:2701: checking for a thread-safe mkdir -p
configure:2740: result: /usr/bin/mkdir -p
configure:2747: checking for gawk
configure:2763: found /usr/bin/gawk
configure:2774: result: gawk
configure:2785: checking whether make sets $(MAKE)
configure:2807: result: yes
configure:2836: checking whether make supports nested variables
configure:2853: result: yes
configure:2941: checking build system type
configure:2955: result: x86_64-redhat-linux-gnu
configure:2975: checking host system type
configure:2988: result: x86_64-w64-mingw32
configure:3022: checking whether make supports nested variables
configure:3039: result: yes
configure:3061: checking for native Win32
configure:3080: result: yes
configure:3099: checking for x86_64-w64-mingw32-gcc
configure:3126: result: x86_64-w64-mingw32-gcc
configure:3395: checking for C compiler version
configure:3404: x86_64-w64-mingw32-gcc --version >&5
x86_64-w64-mingw32-gcc (GCC) 4.8.3 20140522 (Fedora MinGW 4.8.3-1.fc19)
Copyright (C) 2013 Free Software Foundation, Inc.
This is free software; see the source for copying conditions.  There is NO
warranty; not even for MERCHANTABILITY or FITNESS FOR A PARTICULAR PURPOSE.

configure:3415: $? = 0
configure:3404: x86_64-w64-mingw32-gcc -v >&5
Using built-in specs.
COLLECT_GCC=x86_64-w64-mingw32-gcc
COLLECT_LTO_WRAPPER=/usr/libexec/gcc/x86_64-w64-mingw32/4.8.3/lto-wrapper
Target: x86_64-w64-mingw32
Configured with: ../configure --prefix=/usr --bindir=/usr/bin --includedir=/usr/include --libdir=/usr/lib64 --mandir=/usr/share/man --infodir=/usr/share/info --datadir=/usr/share --build=x86_64-redhat-linux-gnu --host=x86_64-redhat-linux-gnu --with-gnu-as --with-gnu-ld --verbose --without-newlib --disable-multilib --disable-plugin --with-system-zlib --disable-nls --without-included-gettext --disable-win32-registry --enable-languages=c,c++,objc,obj-c++,fortran --with-bugurl=http://bugzilla.redhat.com/bugzilla --with-cloog --enable-libgomp --target=x86_64-w64-mingw32 --with-sysroot=/usr/x86_64-w64-mingw32/sys-root --with-gxx-include-dir=/usr/x86_64-w64-mingw32/sys-root/mingw/include/c++
Thread model: win32
gcc version 4.8.3 20140522 (Fedora MinGW 4.8.3-1.fc19) (GCC) 
configure:3415: $? = 0
configure:3404: x86_64-w64-mingw32-gcc -V >&5
x86_64-w64-mingw32-gcc: error: unrecognized command line option '-V'
x86_64-w64-mingw32-gcc: fatal error: no input files
compilation terminated.
configure:3415: $? = 1
configure:3404: x86_64-w64-mingw32-gcc -qversion >&5
x86_64-w64-mingw32-gcc: error: unrecognized command line option '-qversion'
x86_64-w64-mingw32-gcc: fatal error: no input files
compilation terminated.
configure:3415: $? = 1
configure:3435: checking whether the C compiler works
configure:3457: x86_64-w64-mingw32-gcc  -O2 -g -pipe -Wall -Wp,-D_FORTIFY_SOURCE=2 -fexceptions --param=ssp-buffer-size=4   conftest.c  >&5
configure:3461: $? = 0
configure:3509: result: yes
configure:3512: checking for C compiler default output file name
configure:3514: result: a.exe
configure:3520: checking for suffix of executables
configure:3527: x86_64-w64-mingw32-gcc -o conftest.exe  -O2 -g -pipe -Wall -Wp,-D_FORTIFY_SOURCE=2 -fexceptions --param=ssp-buffer-size=4   conftest.c  >&5
configure:3531: $? = 0
configure:3553: result: .exe
configure:3575: checking whether we are cross compiling
configure:3613: result: yes
configure:3618: checking for suffix of object files
configure:3640: x86_64-w64-mingw32-gcc -c  -O2 -g -pipe -Wall -Wp,-D_FORTIFY_SOURCE=2 -fexceptions --param=ssp-buffer-size=4  conftest.c >&5
configure:3644: $? = 0
configure:3665: result: o
configure:3669: checking whether we are using the GNU C compiler
configure:3688: x86_64-w64-mingw32-gcc -c  -O2 -g -pipe -Wall -Wp,-D_FORTIFY_SOURCE=2 -fexceptions --param=ssp-buffer-size=4  conftest.c >&5
configure:3688: $? = 0
configure:3697: result: yes
configure:3706: checking whether x86_64-w64-mingw32-gcc accepts -g
configure:3726: x86_64-w64-mingw32-gcc -c -g  conftest.c >&5
configure:3726: $? = 0
configure:3767: result: yes
configure:3784: checking for x86_64-w64-mingw32-gcc option to accept ISO C89
configure:3847: x86_64-w64-mingw32-gcc  -c  -O2 -g -pipe -Wall -Wp,-D_FORTIFY_SOURCE=2 -fexceptions --param=ssp-buffer-size=4  conftest.c >&5
configure:3847: $? = 0
configure:3860: result: none needed
configure:3891: checking for style of include used by make
configure:3919: result: GNU
configure:3945: checking dependency style of x86_64-w64-mingw32-gcc
configure:4056: result: gcc3
configure:4072: checking whether x86_64-w64-mingw32-gcc and cc understand -c and -o together
configure:4103: x86_64-w64-mingw32-gcc -c conftest.c -o conftest2.o >&5
configure:4107: $? = 0
configure:4113: x86_64-w64-mingw32-gcc -c conftest.c -o conftest2.o >&5
configure:4117: $? = 0
configure:4128: cc -c conftest.c >&5
configure:4132: $? = 0
configure:4140: cc -c conftest.c -o conftest2.o >&5
configure:4144: $? = 0
configure:4150: cc -c conftest.c -o conftest2.o >&5
configure:4154: $? = 0
configure:4172: result: yes
configure:4243: checking how to print strings
configure:4270: result: printf
configure:4291: checking for a sed that does not truncate output
configure:4355: result: /usr/bin/sed
configure:4373: checking for grep that handles long lines and -e
configure:4431: result: /usr/bin/grep
configure:4436: checking for egrep
configure:4498: result: /usr/bin/grep -E
configure:4503: checking for fgrep
configure:4565: result: /usr/bin/grep -F
configure:4600: checking for ld used by x86_64-w64-mingw32-gcc
configure:4667: result: /usr/bin/x86_64-w64-mingw32-ld
configure:4674: checking if the linker (/usr/bin/x86_64-w64-mingw32-ld) is GNU ld
configure:4689: result: yes
configure:4701: checking for BSD- or MS-compatible name lister (nm)
configure:4750: result: /usr/bin/x86_64-w64-mingw32-nm
configure:4880: checking the name lister (/usr/bin/x86_64-w64-mingw32-nm) interface
configure:4887: x86_64-w64-mingw32-gcc -c  -O2 -g -pipe -Wall -Wp,-D_FORTIFY_SOURCE=2 -fexceptions --param=ssp-buffer-size=4  conftest.c >&5
configure:4890: /usr/bin/x86_64-w64-mingw32-nm "conftest.o"
configure:4893: output
0000000000000000 b .bss
0000000000000000 d .data
0000000000000000 N .debug_abbrev
0000000000000000 N .debug_aranges
0000000000000000 N .debug_info
0000000000000000 N .debug_line
0000000000000000 r .rdata$zzz
0000000000000000 t .text
0000000000000000 B some_variable
configure:4900: result: BSD nm
configure:4903: checking whether ln -s works
configure:4907: result: yes
configure:4915: checking the maximum length of command line arguments
configure:5045: result: 1572864
configure:5062: checking whether the shell understands some XSI constructs
configure:5072: result: yes
configure:5076: checking whether the shell understands "+="
configure:5082: result: yes
configure:5117: checking how to convert x86_64-redhat-linux-gnu file names to x86_64-w64-mingw32 format
configure:5157: result: func_convert_file_nix_to_w32
configure:5164: checking how to convert x86_64-redhat-linux-gnu file names to toolchain format
configure:5184: result: func_convert_file_noop
configure:5191: checking for /usr/bin/x86_64-w64-mingw32-ld option to reload object files
configure:5198: result: -r
configure:5232: checking for x86_64-w64-mingw32-objdump
configure:5259: result: /usr/bin/x86_64-w64-mingw32-objdump
configure:5331: checking how to recognize dependent libraries
configure:5533: result: file_magic ^x86 archive import|^x86 DLL
configure:5578: checking for x86_64-w64-mingw32-dlltool
configure:5605: result: /usr/bin/x86_64-w64-mingw32-dlltool
configure:5678: checking how to associate runtime and link libraries
configure:5705: result: func_cygming_dll_for_implib
configure:5722: checking for x86_64-w64-mingw32-ar
configure:5749: result: /usr/bin/x86_64-w64-mingw32-ar
configure:5830: checking for archiver @FILE support
configure:5847: x86_64-w64-mingw32-gcc -c  -O2 -g -pipe -Wall -Wp,-D_FORTIFY_SOURCE=2 -fexceptions --param=ssp-buffer-size=4  conftest.c >&5
configure:5847: $? = 0
configure:5850: /usr/bin/x86_64-w64-mingw32-ar cru libconftest.a @conftest.lst >&5
configure:5853: $? = 0
configure:5858: /usr/bin/x86_64-w64-mingw32-ar cru libconftest.a @conftest.lst >&5
/usr/bin/x86_64-w64-mingw32-ar: conftest.o: No such file or directory
configure:5861: $? = 1
configure:5873: result: @
configure:5891: checking for x86_64-w64-mingw32-strip
configure:5918: result: /usr/bin/x86_64-w64-mingw32-strip
configure:5990: checking for x86_64-w64-mingw32-ranlib
configure:6017: result: /usr/bin/x86_64-w64-mingw32-ranlib
configure:6159: checking command to parse /usr/bin/x86_64-w64-mingw32-nm output from x86_64-w64-mingw32-gcc object
configure:6279: x86_64-w64-mingw32-gcc -c  -O2 -g -pipe -Wall -Wp,-D_FORTIFY_SOURCE=2 -fexceptions --param=ssp-buffer-size=4  conftest.c >&5
configure:6282: $? = 0
configure:6286: /usr/bin/x86_64-w64-mingw32-nm conftest.o \| sed -n -e 's/^.*[ ]\([ABCDGIRSTW][ABCDGIRSTW]*\)[ ][ ]*\([_A-Za-z][_A-Za-z0-9]*\)$/\1 \2 \2/p' | sed '/ __gnu_lto/d' \> conftest.nm
configure:6289: $? = 0
configure:6355: x86_64-w64-mingw32-gcc -o conftest.exe  -O2 -g -pipe -Wall -Wp,-D_FORTIFY_SOURCE=2 -fexceptions --param=ssp-buffer-size=4   conftest.c conftstm.o >&5
configure:6358: $? = 0
configure:6396: result: ok
configure:6433: checking for sysroot
configure:6463: result: no
configure:6679: checking for x86_64-w64-mingw32-mt
configure:6709: result: no
configure:6719: checking for mt
configure:6749: result: no
configure:6769: checking if : is a manifest tool
configure:6775: : '-?'
configure:6783: result: no
configure:7425: checking how to run the C preprocessor
configure:7495: result: /usr/bin/x86_64-w64-mingw32-cpp
configure:7515: /usr/bin/x86_64-w64-mingw32-cpp  conftest.c
configure:7515: $? = 0
configure:7529: /usr/bin/x86_64-w64-mingw32-cpp  conftest.c
conftest.c:11:28: fatal error: ac_nonexistent.h: No such file or directory
 #include <ac_nonexistent.h>
                            ^
compilation terminated.
configure:7529: $? = 1
configure: failed program was:
| /* confdefs.h */
| #define PACKAGE_NAME "virt-viewer"
| #define PACKAGE_TARNAME "virt-viewer"
| #define PACKAGE_VERSION "0.5.7"
| #define PACKAGE_STRING "virt-viewer 0.5.7"
| #define PACKAGE_BUGREPORT ""
| #define PACKAGE_URL ""
| #define PACKAGE "virt-viewer"
| #define VERSION "0.5.7"
| /* end confdefs.h.  */
| #include <ac_nonexistent.h>
configure:7558: checking for ANSI C header files
configure:7578: x86_64-w64-mingw32-gcc -c  -O2 -g -pipe -Wall -Wp,-D_FORTIFY_SOURCE=2 -fexceptions --param=ssp-buffer-size=4  conftest.c >&5
configure:7578: $? = 0
configure:7662: result: yes
configure:7675: checking for sys/types.h
configure:7675: x86_64-w64-mingw32-gcc -c  -O2 -g -pipe -Wall -Wp,-D_FORTIFY_SOURCE=2 -fexceptions --param=ssp-buffer-size=4  conftest.c >&5
configure:7675: $? = 0
configure:7675: result: yes
configure:7675: checking for sys/stat.h
configure:7675: x86_64-w64-mingw32-gcc -c  -O2 -g -pipe -Wall -Wp,-D_FORTIFY_SOURCE=2 -fexceptions --param=ssp-buffer-size=4  conftest.c >&5
configure:7675: $? = 0
configure:7675: result: yes
configure:7675: checking for stdlib.h
configure:7675: x86_64-w64-mingw32-gcc -c  -O2 -g -pipe -Wall -Wp,-D_FORTIFY_SOURCE=2 -fexceptions --param=ssp-buffer-size=4  conftest.c >&5
configure:7675: $? = 0
configure:7675: result: yes
configure:7675: checking for string.h
configure:7675: x86_64-w64-mingw32-gcc -c  -O2 -g -pipe -Wall -Wp,-D_FORTIFY_SOURCE=2 -fexceptions --param=ssp-buffer-size=4  conftest.c >&5
configure:7675: $? = 0
configure:7675: result: yes
configure:7675: checking for memory.h
configure:7675: x86_64-w64-mingw32-gcc -c  -O2 -g -pipe -Wall -Wp,-D_FORTIFY_SOURCE=2 -fexceptions --param=ssp-buffer-size=4  conftest.c >&5
configure:7675: $? = 0
configure:7675: result: yes
configure:7675: checking for strings.h
configure:7675: x86_64-w64-mingw32-gcc -c  -O2 -g -pipe -Wall -Wp,-D_FORTIFY_SOURCE=2 -fexceptions --param=ssp-buffer-size=4  conftest.c >&5
configure:7675: $? = 0
configure:7675: result: yes
configure:7675: checking for inttypes.h
configure:7675: x86_64-w64-mingw32-gcc -c  -O2 -g -pipe -Wall -Wp,-D_FORTIFY_SOURCE=2 -fexceptions --param=ssp-buffer-size=4  conftest.c >&5
configure:7675: $? = 0
configure:7675: result: yes
configure:7675: checking for stdint.h
configure:7675: x86_64-w64-mingw32-gcc -c  -O2 -g -pipe -Wall -Wp,-D_FORTIFY_SOURCE=2 -fexceptions --param=ssp-buffer-size=4  conftest.c >&5
configure:7675: $? = 0
configure:7675: result: yes
configure:7675: checking for unistd.h
configure:7675: x86_64-w64-mingw32-gcc -c  -O2 -g -pipe -Wall -Wp,-D_FORTIFY_SOURCE=2 -fexceptions --param=ssp-buffer-size=4  conftest.c >&5
configure:7675: $? = 0
configure:7675: result: yes
configure:7689: checking for dlfcn.h
configure:7689: x86_64-w64-mingw32-gcc -c  -O2 -g -pipe -Wall -Wp,-D_FORTIFY_SOURCE=2 -fexceptions --param=ssp-buffer-size=4  conftest.c >&5
configure:7689: $? = 0
configure:7689: result: yes
configure:7895: checking for objdir
configure:7910: result: .libs
configure:8181: checking if x86_64-w64-mingw32-gcc supports -fno-rtti -fno-exceptions
configure:8199: x86_64-w64-mingw32-gcc -c  -O2 -g -pipe -Wall -Wp,-D_FORTIFY_SOURCE=2 -fexceptions --param=ssp-buffer-size=4  -fno-rtti -fno-exceptions conftest.c >&5
cc1: warning: command line option '-fno-rtti' is valid for C++/ObjC++ but not for C [enabled by default]
configure:8203: $? = 0
configure:8216: result: no
configure:8543: checking for x86_64-w64-mingw32-gcc option to produce PIC
configure:8550: result: -DDLL_EXPORT -DPIC
configure:8558: checking if x86_64-w64-mingw32-gcc PIC flag -DDLL_EXPORT -DPIC works
configure:8576: x86_64-w64-mingw32-gcc -c  -O2 -g -pipe -Wall -Wp,-D_FORTIFY_SOURCE=2 -fexceptions --param=ssp-buffer-size=4  -DDLL_EXPORT -DPIC -DPIC conftest.c >&5
configure:8580: $? = 0
configure:8593: result: yes
configure:8622: checking if x86_64-w64-mingw32-gcc static flag -static works
configure:8650: result: yes
configure:8665: checking if x86_64-w64-mingw32-gcc supports -c -o file.o
configure:8686: x86_64-w64-mingw32-gcc -c  -O2 -g -pipe -Wall -Wp,-D_FORTIFY_SOURCE=2 -fexceptions --param=ssp-buffer-size=4  -o out/conftest2.o conftest.c >&5
configure:8690: $? = 0
configure:8712: result: yes
configure:8720: checking if x86_64-w64-mingw32-gcc supports -c -o file.o
configure:8767: result: yes
configure:8800: checking whether the x86_64-w64-mingw32-gcc linker (/usr/bin/x86_64-w64-mingw32-ld) supports shared libraries
configure:9953: result: yes
configure:9990: checking whether -lc should be explicitly linked in
configure:9998: x86_64-w64-mingw32-gcc -c  -O2 -g -pipe -Wall -Wp,-D_FORTIFY_SOURCE=2 -fexceptions --param=ssp-buffer-size=4  conftest.c >&5
configure:10001: $? = 0
configure:10016: x86_64-w64-mingw32-gcc -shared conftest.o  -v -o ./conftest -Wl,--enable-auto-image-base -Xlinker --out-implib -Xlinker conftest 2\>\&1 \| /usr/bin/grep  -lc  \>/dev/null 2\>\&1
configure:10019: $? = 1
configure:10033: result: yes
configure:10193: checking dynamic linker characteristics
configure:10930: result: Win32 ld.exe
configure:11037: checking how to hardcode library paths into programs
configure:11062: result: immediate
configure:11602: checking whether stripping libraries is possible
configure:11607: result: yes
configure:11642: checking if libtool supports shared libraries
configure:11644: result: yes
configure:11647: checking whether to build shared libraries
configure:11668: result: yes
configure:11671: checking whether to build static libraries
configure:11675: result: yes
configure:11717: checking for icotool
configure:11733: found /usr/bin/icotool
configure:11744: result: icotool
configure:11762: checking for x86_64-w64-mingw32-windres
configure:11789: result: /usr/bin/x86_64-w64-mingw32-windres
configure:11916: checking whether gcc understands -fexceptions
configure:11929: x86_64-w64-mingw32-gcc -c  -O2 -g -pipe -Wall -Wp,-D_FORTIFY_SOURCE=2 -fexceptions --param=ssp-buffer-size=4 -fexceptions  conftest.c >&5
configure:11929: $? = 0
configure:11936: result: yes
configure:11916: checking whether gcc understands -fstack-protector
configure:11929: x86_64-w64-mingw32-gcc -c  -O2 -g -pipe -Wall -Wp,-D_FORTIFY_SOURCE=2 -fexceptions --param=ssp-buffer-size=4 -fstack-protector  conftest.c >&5
configure:11929: $? = 0
configure:11936: result: yes
configure:11916: checking whether gcc understands --param=ssp-buffer-size=4
configure:11929: x86_64-w64-mingw32-gcc -c  -O2 -g -pipe -Wall -Wp,-D_FORTIFY_SOURCE=2 -fexceptions --param=ssp-buffer-size=4 --param=ssp-buffer-size=4  conftest.c >&5
configure:11929: $? = 0
configure:11936: result: yes
configure:11916: checking whether gcc understands -fasynchronous-unwind-tables
configure:11929: x86_64-w64-mingw32-gcc -c  -O2 -g -pipe -Wall -Wp,-D_FORTIFY_SOURCE=2 -fexceptions --param=ssp-buffer-size=4 -fasynchronous-unwind-tables  conftest.c >&5
configure:11929: $? = 0
configure:11936: result: yes
configure:11916: checking whether gcc understands -Wall
configure:11929: x86_64-w64-mingw32-gcc -c  -O2 -g -pipe -Wall -Wp,-D_FORTIFY_SOURCE=2 -fexceptions --param=ssp-buffer-size=4 -Wall  conftest.c >&5
configure:11929: $? = 0
configure:11936: result: yes
configure:11916: checking whether gcc understands -Wmissing-prototypes
configure:11929: x86_64-w64-mingw32-gcc -c  -O2 -g -pipe -Wall -Wp,-D_FORTIFY_SOURCE=2 -fexceptions --param=ssp-buffer-size=4 -Wmissing-prototypes  conftest.c >&5
configure:11929: $? = 0
configure:11936: result: yes
configure:11916: checking whether gcc understands -std=c99
configure:11929: x86_64-w64-mingw32-gcc -c  -O2 -g -pipe -Wall -Wp,-D_FORTIFY_SOURCE=2 -fexceptions --param=ssp-buffer-size=4 -std=c99  conftest.c >&5
configure:11929: $? = 0
configure:11936: result: yes
configure:11916: checking whether gcc understands -Wnested-externs
configure:11929: x86_64-w64-mingw32-gcc -c  -O2 -g -pipe -Wall -Wp,-D_FORTIFY_SOURCE=2 -fexceptions --param=ssp-buffer-size=4 -Wnested-externs  conftest.c >&5
configure:11929: $? = 0
configure:11936: result: yes
configure:11916: checking whether gcc understands -Wpointer-arith
configure:11929: x86_64-w64-mingw32-gcc -c  -O2 -g -pipe -Wall -Wp,-D_FORTIFY_SOURCE=2 -fexceptions --param=ssp-buffer-size=4 -Wpointer-arith  conftest.c >&5
configure:11929: $? = 0
configure:11936: result: yes
configure:11916: checking whether gcc understands -Wextra
configure:11929: x86_64-w64-mingw32-gcc -c  -O2 -g -pipe -Wall -Wp,-D_FORTIFY_SOURCE=2 -fexceptions --param=ssp-buffer-size=4 -Wextra  conftest.c >&5
configure:11929: $? = 0
configure:11936: result: yes
configure:11916: checking whether gcc understands -Wshadow
configure:11929: x86_64-w64-mingw32-gcc -c  -O2 -g -pipe -Wall -Wp,-D_FORTIFY_SOURCE=2 -fexceptions --param=ssp-buffer-size=4 -Wshadow  conftest.c >&5
configure:11929: $? = 0
configure:11936: result: yes
configure:11916: checking whether gcc understands -Wcast-align
configure:11929: x86_64-w64-mingw32-gcc -c  -O2 -g -pipe -Wall -Wp,-D_FORTIFY_SOURCE=2 -fexceptions --param=ssp-buffer-size=4 -Wcast-align  conftest.c >&5
configure:11929: $? = 0
configure:11936: result: yes
configure:11916: checking whether gcc understands -Wwrite-strings
configure:11929: x86_64-w64-mingw32-gcc -c  -O2 -g -pipe -Wall -Wp,-D_FORTIFY_SOURCE=2 -fexceptions --param=ssp-buffer-size=4 -Wwrite-strings  conftest.c >&5
configure:11929: $? = 0
configure:11936: result: yes
configure:11916: checking whether gcc understands -Waggregate-return
configure:11929: x86_64-w64-mingw32-gcc -c  -O2 -g -pipe -Wall -Wp,-D_FORTIFY_SOURCE=2 -fexceptions --param=ssp-buffer-size=4 -Waggregate-return  conftest.c >&5
configure:11929: $? = 0
configure:11936: result: yes
configure:11916: checking whether gcc understands -Winline
configure:11929: x86_64-w64-mingw32-gcc -c  -O2 -g -pipe -Wall -Wp,-D_FORTIFY_SOURCE=2 -fexceptions --param=ssp-buffer-size=4 -Winline  conftest.c >&5
configure:11929: $? = 0
configure:11936: result: yes
configure:11916: checking whether gcc understands -Wredundant-decls
configure:11929: x86_64-w64-mingw32-gcc -c  -O2 -g -pipe -Wall -Wp,-D_FORTIFY_SOURCE=2 -fexceptions --param=ssp-buffer-size=4 -Wredundant-decls  conftest.c >&5
configure:11929: $? = 0
configure:11936: result: yes
configure:11916: checking whether gcc understands -Wno-sign-compare
configure:11929: x86_64-w64-mingw32-gcc -c  -O2 -g -pipe -Wall -Wp,-D_FORTIFY_SOURCE=2 -fexceptions --param=ssp-buffer-size=4 -Wno-sign-compare  conftest.c >&5
configure:11929: $? = 0
configure:11936: result: yes
configure:11916: checking whether gcc understands -Wno-deprecated-declarations
configure:11929: x86_64-w64-mingw32-gcc -c  -O2 -g -pipe -Wall -Wp,-D_FORTIFY_SOURCE=2 -fexceptions --param=ssp-buffer-size=4 -Wno-deprecated-declarations  conftest.c >&5
configure:11929: $? = 0
configure:11936: result: yes
configure:11955: checking what language compliance flags to pass to the C compiler
configure:11970: result: 
configure:11988: checking locale.h usability
configure:11988: x86_64-w64-mingw32-gcc -c  -O2 -g -pipe -Wall -Wp,-D_FORTIFY_SOURCE=2 -fexceptions --param=ssp-buffer-size=4  conftest.c >&5
configure:11988: $? = 0
configure:11988: result: yes
configure:11988: checking locale.h presence
configure:11988: /usr/bin/x86_64-w64-mingw32-cpp  conftest.c
configure:11988: $? = 0
configure:11988: result: yes
configure:11988: checking for locale.h
configure:11988: result: yes
configure:11999: checking for LC_MESSAGES
configure:12015: x86_64-w64-mingw32-gcc -o conftest.exe  -O2 -g -pipe -Wall -Wp,-D_FORTIFY_SOURCE=2 -fexceptions --param=ssp-buffer-size=4   conftest.c  >&5
conftest.c: In function 'main':
conftest.c:30:8: error: 'LC_MESSAGES' undeclared (first use in this function)
 return LC_MESSAGES
        ^
conftest.c:30:8: note: each undeclared identifier is reported only once for each function it appears in
configure:12015: $? = 1
configure: failed program was:
| /* confdefs.h */
| #define PACKAGE_NAME "virt-viewer"
| #define PACKAGE_TARNAME "virt-viewer"
| #define PACKAGE_VERSION "0.5.7"
| #define PACKAGE_STRING "virt-viewer 0.5.7"
| #define PACKAGE_BUGREPORT ""
| #define PACKAGE_URL ""
| #define PACKAGE "virt-viewer"
| #define VERSION "0.5.7"
| #define STDC_HEADERS 1
| #define HAVE_SYS_TYPES_H 1
| #define HAVE_SYS_STAT_H 1
| #define HAVE_STDLIB_H 1
| #define HAVE_STRING_H 1
| #define HAVE_MEMORY_H 1
| #define HAVE_STRINGS_H 1
| #define HAVE_INTTYPES_H 1
| #define HAVE_STDINT_H 1
| #define HAVE_UNISTD_H 1
| #define HAVE_DLFCN_H 1
| #define LT_OBJDIR ".libs/"
| #define _GNU_SOURCE /**/
| #define GETTEXT_PACKAGE "virt-viewer"
| #define HAVE_LOCALE_H 1
| /* end confdefs.h.  */
| #include <locale.h>
| int
| main ()
| {
| return LC_MESSAGES
|   ;
|   return 0;
| }
configure:12023: result: no
configure:12040: checking libintl.h usability
configure:12040: x86_64-w64-mingw32-gcc -c  -O2 -g -pipe -Wall -Wp,-D_FORTIFY_SOURCE=2 -fexceptions --param=ssp-buffer-size=4  conftest.c >&5
configure:12040: $? = 0
configure:12040: result: yes
configure:12040: checking libintl.h presence
configure:12040: /usr/bin/x86_64-w64-mingw32-cpp  conftest.c
configure:12040: $? = 0
configure:12040: result: yes
configure:12040: checking for libintl.h
configure:12040: result: yes
configure:12048: checking for ngettext in libc
configure:12066: x86_64-w64-mingw32-gcc -o conftest.exe  -O2 -g -pipe -Wall -Wp,-D_FORTIFY_SOURCE=2 -fexceptions --param=ssp-buffer-size=4   conftest.c  >&5
/tmp/ccUwR2bV.o: In function `main':
/home/openstack/workspace/virt-viewer/conftest.c:32: undefined reference to `libintl_ngettext'
collect2: error: ld returned 1 exit status
configure:12066: $? = 1
configure: failed program was:
| /* confdefs.h */
| #define PACKAGE_NAME "virt-viewer"
| #define PACKAGE_TARNAME "virt-viewer"
| #define PACKAGE_VERSION "0.5.7"
| #define PACKAGE_STRING "virt-viewer 0.5.7"
| #define PACKAGE_BUGREPORT ""
| #define PACKAGE_URL ""
| #define PACKAGE "virt-viewer"
| #define VERSION "0.5.7"
| #define STDC_HEADERS 1
| #define HAVE_SYS_TYPES_H 1
| #define HAVE_SYS_STAT_H 1
| #define HAVE_STDLIB_H 1
| #define HAVE_STRING_H 1
| #define HAVE_MEMORY_H 1
| #define HAVE_STRINGS_H 1
| #define HAVE_INTTYPES_H 1
| #define HAVE_STDINT_H 1
| #define HAVE_UNISTD_H 1
| #define HAVE_DLFCN_H 1
| #define LT_OBJDIR ".libs/"
| #define _GNU_SOURCE /**/
| #define GETTEXT_PACKAGE "virt-viewer"
| #define HAVE_LOCALE_H 1
| /* end confdefs.h.  */
| 
| #include <libintl.h>
| 
| int
| main ()
| {
| return !ngettext ("","", 1)
|   ;
|   return 0;
| }
configure:12075: result: no
configure:12131: checking for bindtextdomain in -lintl
configure:12156: x86_64-w64-mingw32-gcc -o conftest.exe  -O2 -g -pipe -Wall -Wp,-D_FORTIFY_SOURCE=2 -fexceptions --param=ssp-buffer-size=4   conftest.c -lintl   >&5
configure:12156: $? = 0
configure:12165: result: yes
configure:12168: checking for ngettext in -lintl
configure:12193: x86_64-w64-mingw32-gcc -o conftest.exe  -O2 -g -pipe -Wall -Wp,-D_FORTIFY_SOURCE=2 -fexceptions --param=ssp-buffer-size=4   conftest.c -lintl   >&5
configure:12193: $? = 0
configure:12202: result: yes
configure:12205: checking for dgettext in -lintl
configure:12230: x86_64-w64-mingw32-gcc -o conftest.exe  -O2 -g -pipe -Wall -Wp,-D_FORTIFY_SOURCE=2 -fexceptions --param=ssp-buffer-size=4   conftest.c -lintl   >&5
conftest.c:33:6: warning: conflicting types for built-in function 'dgettext' [enabled by default]
 char dgettext ();
      ^
configure:12230: $? = 0
configure:12239: result: yes
configure:12352: checking for bind_textdomain_codeset
configure:12352: x86_64-w64-mingw32-gcc -o conftest.exe  -O2 -g -pipe -Wall -Wp,-D_FORTIFY_SOURCE=2 -fexceptions --param=ssp-buffer-size=4   conftest.c  -lintl  >&5
configure:12352: $? = 0
configure:12352: result: yes
configure:12389: checking for msgfmt
configure:12416: result: /usr/bin/msgfmt
configure:12427: checking for dcgettext
configure:12427: x86_64-w64-mingw32-gcc -o conftest.exe  -O2 -g -pipe -Wall -Wp,-D_FORTIFY_SOURCE=2 -fexceptions --param=ssp-buffer-size=4   conftest.c  -lintl  >&5
conftest.c:51:6: warning: conflicting types for built-in function 'dcgettext' [enabled by default]
 char dcgettext ();
      ^
configure:12427: $? = 0
configure:12427: result: yes
configure:12437: checking if msgfmt accepts -c
configure:12452: $MSGFMT -c -o /dev/null conftest.foo
configure:12455: $? = 0
configure:12457: result: yes
configure:12467: checking for gmsgfmt
configure:12498: result: /usr/bin/msgfmt
configure:12508: checking for xgettext
configure:12535: result: /usr/bin/xgettext
configure:12554: x86_64-w64-mingw32-gcc -o conftest.exe  -O2 -g -pipe -Wall -Wp,-D_FORTIFY_SOURCE=2 -fexceptions --param=ssp-buffer-size=4   conftest.c  -lintl  >&5
configure:12554: $? = 0
configure:12694: checking whether NLS is requested
configure:12703: result: yes
configure:12721: checking for intltool >= 0.35.0
configure:12723: result: 0.50.2 found
configure:12731: checking for intltool-update
configure:12749: found /usr/bin/intltool-update
configure:12761: result: /usr/bin/intltool-update
configure:12771: checking for intltool-merge
configure:12789: found /usr/bin/intltool-merge
configure:12801: result: /usr/bin/intltool-merge
configure:12811: checking for intltool-extract
configure:12829: found /usr/bin/intltool-extract
configure:12841: result: /usr/bin/intltool-extract
configure:12995: checking for xgettext
configure:13025: result: /usr/bin/xgettext
configure:13035: checking for msgmerge
configure:13053: found /usr/bin/msgmerge
configure:13065: result: /usr/bin/msgmerge
configure:13075: checking for msgfmt
configure:13105: result: /usr/bin/msgfmt
configure:13115: checking for gmsgfmt
configure:13146: result: /usr/bin/msgfmt
configure:13166: checking for perl
configure:13184: found /usr/bin/perl
configure:13196: result: /usr/bin/perl
configure:13207: checking for perl >= 5.8.1
configure:13214: result: 5.16.3
configure:13218: checking for XML::Parser
configure:13221: result: ok
configure:13382: checking pkg-config is at least version 0.9.0
configure:13385: result: yes
configure:13398: checking for GLIB2
configure:13405: $PKG_CONFIG --exists --print-errors "glib-2.0 >= $GLIB2_REQUIRED gthread-2.0 gmodule-export-2.0"
configure:13408: $? = 0
configure:13422: $PKG_CONFIG --exists --print-errors "glib-2.0 >= $GLIB2_REQUIRED gthread-2.0 gmodule-export-2.0"
configure:13425: $? = 0
configure:13483: result: yes
configure:13489: checking for LIBXML2
configure:13496: $PKG_CONFIG --exists --print-errors "libxml-2.0 >= $LIBXML2_REQUIRED"
configure:13499: $? = 0
configure:13513: $PKG_CONFIG --exists --print-errors "libxml-2.0 >= $LIBXML2_REQUIRED"
configure:13516: $? = 0
configure:13574: result: yes
configure:13589: checking for LIBVIRT
configure:13596: $PKG_CONFIG --exists --print-errors "libvirt >= $LIBVIRT_REQUIRED"
configure:13599: $? = 0
configure:13613: $PKG_CONFIG --exists --print-errors "libvirt >= $LIBVIRT_REQUIRED"
configure:13616: $? = 0
configure:13654: result: yes
configure:13682: checking which gtk+ version to compile against
configure:13695: result: 2.0
configure:13735: checking for GTK
configure:13742: $PKG_CONFIG --exists --print-errors "gtk+-$GTK_API_VERSION >= $GTK_REQUIRED"
configure:13745: $? = 0
configure:13759: $PKG_CONFIG --exists --print-errors "gtk+-$GTK_API_VERSION >= $GTK_REQUIRED"
configure:13762: $? = 0
configure:13820: result: yes
configure:13835: checking for GTK_VNC
configure:13842: $PKG_CONFIG --exists --print-errors "gtk-vnc-$GTK_VNC_API_VERSION >= $GTK_VNC_REQUIRED"
configure:13845: $? = 0
configure:13859: $PKG_CONFIG --exists --print-errors "gtk-vnc-$GTK_VNC_API_VERSION >= $GTK_VNC_REQUIRED"
configure:13862: $? = 0
configure:13900: result: yes
configure:13938: checking for SPICE_GTK
configure:13945: $PKG_CONFIG --exists --print-errors "spice-client-gtk-$SPICE_GTK_API_VERSION >= $SPICE_GTK_REQUIRED"
configure:13948: $? = 0
configure:13962: $PKG_CONFIG --exists --print-errors "spice-client-gtk-$SPICE_GTK_API_VERSION >= $SPICE_GTK_REQUIRED"
configure:13965: $? = 0
configure:14003: result: yes
configure:14014: checking for SPICE_CONTROLLER
configure:14021: $PKG_CONFIG --exists --print-errors "spice-controller"
configure:14024: $? = 0
configure:14038: $PKG_CONFIG --exists --print-errors "spice-controller"
configure:14041: $? = 0
configure:14099: result: yes
configure:14105: checking for SPICE_PROTOCOL
configure:14112: $PKG_CONFIG --exists --print-errors "spice-protocol >= $SPICE_PROTOCOL_REQUIRED"
configure:14115: $? = 0
configure:14129: $PKG_CONFIG --exists --print-errors "spice-protocol >= $SPICE_PROTOCOL_REQUIRED"
configure:14132: $? = 0
configure:14190: result: yes
configure:14223: checking for OVIRT
configure:14230: $PKG_CONFIG --exists --print-errors "govirt-1.0 >= 0.1.0"
Package govirt-1.0 was not found in the pkg-config search path.
Perhaps you should add the directory containing `govirt-1.0.pc'
to the PKG_CONFIG_PATH environment variable
No package 'govirt-1.0' found
configure:14233: $? = 1
configure:14247: $PKG_CONFIG --exists --print-errors "govirt-1.0 >= 0.1.0"
Package govirt-1.0 was not found in the pkg-config search path.
Perhaps you should add the directory containing `govirt-1.0.pc'
to the PKG_CONFIG_PATH environment variable
No package 'govirt-1.0' found
configure:14250: $? = 1
configure:14264: result: no
No package 'govirt-1.0' found
configure:14311: checking sys/socket.h usability
configure:14311: x86_64-w64-mingw32-gcc -c  -O2 -g -pipe -Wall -Wp,-D_FORTIFY_SOURCE=2 -fexceptions --param=ssp-buffer-size=4  conftest.c >&5
conftest.c:66:24: fatal error: sys/socket.h: No such file or directory
 #include <sys/socket.h>
                        ^
compilation terminated.
configure:14311: $? = 1
configure: failed program was:
| /* confdefs.h */
| #define PACKAGE_NAME "virt-viewer"
| #define PACKAGE_TARNAME "virt-viewer"
| #define PACKAGE_VERSION "0.5.7"
| #define PACKAGE_STRING "virt-viewer 0.5.7"
| #define PACKAGE_BUGREPORT ""
| #define PACKAGE_URL ""
| #define PACKAGE "virt-viewer"
| #define VERSION "0.5.7"
| #define STDC_HEADERS 1
| #define HAVE_SYS_TYPES_H 1
| #define HAVE_SYS_STAT_H 1
| #define HAVE_STDLIB_H 1
| #define HAVE_STRING_H 1
| #define HAVE_MEMORY_H 1
| #define HAVE_STRINGS_H 1
| #define HAVE_INTTYPES_H 1
| #define HAVE_STDINT_H 1
| #define HAVE_UNISTD_H 1
| #define HAVE_DLFCN_H 1
| #define LT_OBJDIR ".libs/"
| #define _GNU_SOURCE /**/
| #define GETTEXT_PACKAGE "virt-viewer"
| #define HAVE_LOCALE_H 1
| #define HAVE_BIND_TEXTDOMAIN_CODESET 1
| #define HAVE_GETTEXT 1
| #define HAVE_DCGETTEXT 1
| #define ENABLE_NLS 1
| #define HAVE_LIBVIRT 1
| #define HAVE_GTK_VNC 1
| #define HAVE_SPICE_GTK 1
| /* end confdefs.h.  */
| #include <stdio.h>
| #ifdef HAVE_SYS_TYPES_H
| # include <sys/types.h>
| #endif
| #ifdef HAVE_SYS_STAT_H
| # include <sys/stat.h>
| #endif
| #ifdef STDC_HEADERS
| # include <stdlib.h>
| # include <stddef.h>
| #else
| # ifdef HAVE_STDLIB_H
| #  include <stdlib.h>
| # endif
| #endif
| #ifdef HAVE_STRING_H
| # if !defined STDC_HEADERS && defined HAVE_MEMORY_H
| #  include <memory.h>
| # endif
| # include <string.h>
| #endif
| #ifdef HAVE_STRINGS_H
| # include <strings.h>
| #endif
| #ifdef HAVE_INTTYPES_H
| # include <inttypes.h>
| #endif
| #ifdef HAVE_STDINT_H
| # include <stdint.h>
| #endif
| #ifdef HAVE_UNISTD_H
| # include <unistd.h>
| #endif
| #include <sys/socket.h>
configure:14311: result: no
configure:14311: checking sys/socket.h presence
configure:14311: /usr/bin/x86_64-w64-mingw32-cpp  conftest.c
conftest.c:33:24: fatal error: sys/socket.h: No such file or directory
 #include <sys/socket.h>
                        ^
compilation terminated.
configure:14311: $? = 1
configure: failed program was:
| /* confdefs.h */
| #define PACKAGE_NAME "virt-viewer"
| #define PACKAGE_TARNAME "virt-viewer"
| #define PACKAGE_VERSION "0.5.7"
| #define PACKAGE_STRING "virt-viewer 0.5.7"
| #define PACKAGE_BUGREPORT ""
| #define PACKAGE_URL ""
| #define PACKAGE "virt-viewer"
| #define VERSION "0.5.7"
| #define STDC_HEADERS 1
| #define HAVE_SYS_TYPES_H 1
| #define HAVE_SYS_STAT_H 1
| #define HAVE_STDLIB_H 1
| #define HAVE_STRING_H 1
| #define HAVE_MEMORY_H 1
| #define HAVE_STRINGS_H 1
| #define HAVE_INTTYPES_H 1
| #define HAVE_STDINT_H 1
| #define HAVE_UNISTD_H 1
| #define HAVE_DLFCN_H 1
| #define LT_OBJDIR ".libs/"
| #define _GNU_SOURCE /**/
| #define GETTEXT_PACKAGE "virt-viewer"
| #define HAVE_LOCALE_H 1
| #define HAVE_BIND_TEXTDOMAIN_CODESET 1
| #define HAVE_GETTEXT 1
| #define HAVE_DCGETTEXT 1
| #define ENABLE_NLS 1
| #define HAVE_LIBVIRT 1
| #define HAVE_GTK_VNC 1
| #define HAVE_SPICE_GTK 1
| /* end confdefs.h.  */
| #include <sys/socket.h>
configure:14311: result: no
configure:14311: checking for sys/socket.h
configure:14311: result: no
configure:14311: checking sys/un.h usability
configure:14311: x86_64-w64-mingw32-gcc -c  -O2 -g -pipe -Wall -Wp,-D_FORTIFY_SOURCE=2 -fexceptions --param=ssp-buffer-size=4  conftest.c >&5
conftest.c:66:20: fatal error: sys/un.h: No such file or directory
 #include <sys/un.h>
                    ^
compilation terminated.
configure:14311: $? = 1
configure: failed program was:
| /* confdefs.h */
| #define PACKAGE_NAME "virt-viewer"
| #define PACKAGE_TARNAME "virt-viewer"
| #define PACKAGE_VERSION "0.5.7"
| #define PACKAGE_STRING "virt-viewer 0.5.7"
| #define PACKAGE_BUGREPORT ""
| #define PACKAGE_URL ""
| #define PACKAGE "virt-viewer"
| #define VERSION "0.5.7"
| #define STDC_HEADERS 1
| #define HAVE_SYS_TYPES_H 1
| #define HAVE_SYS_STAT_H 1
| #define HAVE_STDLIB_H 1
| #define HAVE_STRING_H 1
| #define HAVE_MEMORY_H 1
| #define HAVE_STRINGS_H 1
| #define HAVE_INTTYPES_H 1
| #define HAVE_STDINT_H 1
| #define HAVE_UNISTD_H 1
| #define HAVE_DLFCN_H 1
| #define LT_OBJDIR ".libs/"
| #define _GNU_SOURCE /**/
| #define GETTEXT_PACKAGE "virt-viewer"
| #define HAVE_LOCALE_H 1
| #define HAVE_BIND_TEXTDOMAIN_CODESET 1
| #define HAVE_GETTEXT 1
| #define HAVE_DCGETTEXT 1
| #define ENABLE_NLS 1
| #define HAVE_LIBVIRT 1
| #define HAVE_GTK_VNC 1
| #define HAVE_SPICE_GTK 1
| /* end confdefs.h.  */
| #include <stdio.h>
| #ifdef HAVE_SYS_TYPES_H
| # include <sys/types.h>
| #endif
| #ifdef HAVE_SYS_STAT_H
| # include <sys/stat.h>
| #endif
| #ifdef STDC_HEADERS
| # include <stdlib.h>
| # include <stddef.h>
| #else
| # ifdef HAVE_STDLIB_H
| #  include <stdlib.h>
| # endif
| #endif
| #ifdef HAVE_STRING_H
| # if !defined STDC_HEADERS && defined HAVE_MEMORY_H
| #  include <memory.h>
| # endif
| # include <string.h>
| #endif
| #ifdef HAVE_STRINGS_H
| # include <strings.h>
| #endif
| #ifdef HAVE_INTTYPES_H
| # include <inttypes.h>
| #endif
| #ifdef HAVE_STDINT_H
| # include <stdint.h>
| #endif
| #ifdef HAVE_UNISTD_H
| # include <unistd.h>
| #endif
| #include <sys/un.h>
configure:14311: result: no
configure:14311: checking sys/un.h presence
configure:14311: /usr/bin/x86_64-w64-mingw32-cpp  conftest.c
conftest.c:33:20: fatal error: sys/un.h: No such file or directory
 #include <sys/un.h>
                    ^
compilation terminated.
configure:14311: $? = 1
configure: failed program was:
| /* confdefs.h */
| #define PACKAGE_NAME "virt-viewer"
| #define PACKAGE_TARNAME "virt-viewer"
| #define PACKAGE_VERSION "0.5.7"
| #define PACKAGE_STRING "virt-viewer 0.5.7"
| #define PACKAGE_BUGREPORT ""
| #define PACKAGE_URL ""
| #define PACKAGE "virt-viewer"
| #define VERSION "0.5.7"
| #define STDC_HEADERS 1
| #define HAVE_SYS_TYPES_H 1
| #define HAVE_SYS_STAT_H 1
| #define HAVE_STDLIB_H 1
| #define HAVE_STRING_H 1
| #define HAVE_MEMORY_H 1
| #define HAVE_STRINGS_H 1
| #define HAVE_INTTYPES_H 1
| #define HAVE_STDINT_H 1
| #define HAVE_UNISTD_H 1
| #define HAVE_DLFCN_H 1
| #define LT_OBJDIR ".libs/"
| #define _GNU_SOURCE /**/
| #define GETTEXT_PACKAGE "virt-viewer"
| #define HAVE_LOCALE_H 1
| #define HAVE_BIND_TEXTDOMAIN_CODESET 1
| #define HAVE_GETTEXT 1
| #define HAVE_DCGETTEXT 1
| #define ENABLE_NLS 1
| #define HAVE_LIBVIRT 1
| #define HAVE_GTK_VNC 1
| #define HAVE_SPICE_GTK 1
| /* end confdefs.h.  */
| #include <sys/un.h>
configure:14311: result: no
configure:14311: checking for sys/un.h
configure:14311: result: no
configure:14311: checking windows.h usability
configure:14311: x86_64-w64-mingw32-gcc -c  -O2 -g -pipe -Wall -Wp,-D_FORTIFY_SOURCE=2 -fexceptions --param=ssp-buffer-size=4  conftest.c >&5
configure:14311: $? = 0
configure:14311: result: yes
configure:14311: checking windows.h presence
configure:14311: /usr/bin/x86_64-w64-mingw32-cpp  conftest.c
configure:14311: $? = 0
configure:14311: result: yes
configure:14311: checking for windows.h
configure:14311: result: yes
configure:14324: checking for fork
configure:14324: x86_64-w64-mingw32-gcc -o conftest.exe  -O2 -g -pipe -Wall -Wp,-D_FORTIFY_SOURCE=2 -fexceptions --param=ssp-buffer-size=4   conftest.c  >&5
conftest.c:57:6: warning: conflicting types for built-in function 'fork' [enabled by default]
 char fork ();
      ^
/tmp/ccBy8h6L.o: In function `main':
/home/openstack/workspace/virt-viewer/conftest.c:68: undefined reference to `fork'
collect2: error: ld returned 1 exit status
configure:14324: $? = 1
configure: failed program was:
| /* confdefs.h */
| #define PACKAGE_NAME "virt-viewer"
| #define PACKAGE_TARNAME "virt-viewer"
| #define PACKAGE_VERSION "0.5.7"
| #define PACKAGE_STRING "virt-viewer 0.5.7"
| #define PACKAGE_BUGREPORT ""
| #define PACKAGE_URL ""
| #define PACKAGE "virt-viewer"
| #define VERSION "0.5.7"
| #define STDC_HEADERS 1
| #define HAVE_SYS_TYPES_H 1
| #define HAVE_SYS_STAT_H 1
| #define HAVE_STDLIB_H 1
| #define HAVE_STRING_H 1
| #define HAVE_MEMORY_H 1
| #define HAVE_STRINGS_H 1
| #define HAVE_INTTYPES_H 1
| #define HAVE_STDINT_H 1
| #define HAVE_UNISTD_H 1
| #define HAVE_DLFCN_H 1
| #define LT_OBJDIR ".libs/"
| #define _GNU_SOURCE /**/
| #define GETTEXT_PACKAGE "virt-viewer"
| #define HAVE_LOCALE_H 1
| #define HAVE_BIND_TEXTDOMAIN_CODESET 1
| #define HAVE_GETTEXT 1
| #define HAVE_DCGETTEXT 1
| #define ENABLE_NLS 1
| #define HAVE_LIBVIRT 1
| #define HAVE_GTK_VNC 1
| #define HAVE_SPICE_GTK 1
| #define HAVE_WINDOWS_H 1
| /* end confdefs.h.  */
| /* Define fork to an innocuous variant, in case <limits.h> declares fork.
|    For example, HP-UX 11i <limits.h> declares gettimeofday.  */
| #define fork innocuous_fork
| 
| /* System header to define __stub macros and hopefully few prototypes,
|     which can conflict with char fork (); below.
|     Prefer <limits.h> to <assert.h> if __STDC__ is defined, since
|     <limits.h> exists even on freestanding compilers.  */
| 
| #ifdef __STDC__
| # include <limits.h>
| #else
| # include <assert.h>
| #endif
| 
| #undef fork
| 
| /* Override any GCC internal prototype to avoid an error.
|    Use char because int might match the return type of a GCC
|    builtin and then its argument prototype would still apply.  */
| #ifdef __cplusplus
| extern "C"
| #endif
| char fork ();
| /* The GNU C library defines this for functions which it implements
|     to always fail with ENOSYS.  Some functions are actually named
|     something starting with __ and the normal name is an alias.  */
| #if defined __stub_fork || defined __stub___fork
| choke me
| #endif
| 
| int
| main ()
| {
| return fork ();
|   ;
|   return 0;
| }
configure:14324: result: no
configure:14324: checking for socketpair
configure:14324: x86_64-w64-mingw32-gcc -o conftest.exe  -O2 -g -pipe -Wall -Wp,-D_FORTIFY_SOURCE=2 -fexceptions --param=ssp-buffer-size=4   conftest.c  >&5
/tmp/ccfnrkMW.o: In function `main':
/home/openstack/workspace/virt-viewer/conftest.c:68: undefined reference to `socketpair'
collect2: error: ld returned 1 exit status
configure:14324: $? = 1
configure: failed program was:
| /* confdefs.h */
| #define PACKAGE_NAME "virt-viewer"
| #define PACKAGE_TARNAME "virt-viewer"
| #define PACKAGE_VERSION "0.5.7"
| #define PACKAGE_STRING "virt-viewer 0.5.7"
| #define PACKAGE_BUGREPORT ""
| #define PACKAGE_URL ""
| #define PACKAGE "virt-viewer"
| #define VERSION "0.5.7"
| #define STDC_HEADERS 1
| #define HAVE_SYS_TYPES_H 1
| #define HAVE_SYS_STAT_H 1
| #define HAVE_STDLIB_H 1
| #define HAVE_STRING_H 1
| #define HAVE_MEMORY_H 1
| #define HAVE_STRINGS_H 1
| #define HAVE_INTTYPES_H 1
| #define HAVE_STDINT_H 1
| #define HAVE_UNISTD_H 1
| #define HAVE_DLFCN_H 1
| #define LT_OBJDIR ".libs/"
| #define _GNU_SOURCE /**/
| #define GETTEXT_PACKAGE "virt-viewer"
| #define HAVE_LOCALE_H 1
| #define HAVE_BIND_TEXTDOMAIN_CODESET 1
| #define HAVE_GETTEXT 1
| #define HAVE_DCGETTEXT 1
| #define ENABLE_NLS 1
| #define HAVE_LIBVIRT 1
| #define HAVE_GTK_VNC 1
| #define HAVE_SPICE_GTK 1
| #define HAVE_WINDOWS_H 1
| /* end confdefs.h.  */
| /* Define socketpair to an innocuous variant, in case <limits.h> declares socketpair.
|    For example, HP-UX 11i <limits.h> declares gettimeofday.  */
| #define socketpair innocuous_socketpair
| 
| /* System header to define __stub macros and hopefully few prototypes,
|     which can conflict with char socketpair (); below.
|     Prefer <limits.h> to <assert.h> if __STDC__ is defined, since
|     <limits.h> exists even on freestanding compilers.  */
| 
| #ifdef __STDC__
| # include <limits.h>
| #else
| # include <assert.h>
| #endif
| 
| #undef socketpair
| 
| /* Override any GCC internal prototype to avoid an error.
|    Use char because int might match the return type of a GCC
|    builtin and then its argument prototype would still apply.  */
| #ifdef __cplusplus
| extern "C"
| #endif
| char socketpair ();
| /* The GNU C library defines this for functions which it implements
|     to always fail with ENOSYS.  Some functions are actually named
|     something starting with __ and the normal name is an alias.  */
| #if defined __stub_socketpair || defined __stub___socketpair
| choke me
| #endif
| 
| int
| main ()
| {
| return socketpair ();
|   ;
|   return 0;
| }
configure:14324: result: no
configure:14477: checking that generated files are newer than configure
configure:14483: result: done
configure:14534: creating ./config.status

## ---------------------- ##
## Running config.status. ##
## ---------------------- ##

This file was extended by virt-viewer config.status 0.5.7, which was
generated by GNU Autoconf 2.69.  Invocation command line was

  CONFIG_FILES    = 
  CONFIG_HEADERS  = 
  CONFIG_LINKS    = 
  CONFIG_COMMANDS = 
  $ ./config.status 

on localhost.localdomain

config.status:1266: creating Makefile
config.status:1266: creating data/Makefile
config.status:1266: creating data/virt-viewer.wxs
config.status:1266: creating data/virt-viewer.nsis
config.status:1266: creating data/virt-viewer-debug.nsis
config.status:1266: creating icons/Makefile
config.status:1266: creating icons/16x16/Makefile
config.status:1266: creating icons/22x22/Makefile
config.status:1266: creating icons/24x24/Makefile
config.status:1266: creating icons/32x32/Makefile
config.status:1266: creating icons/48x48/Makefile
config.status:1266: creating icons/256x256/Makefile
config.status:1266: creating man/Makefile
config.status:1266: creating mingw-virt-viewer.spec
config.status:1266: creating po/Makefile.in
config.status:1266: creating src/Makefile
config.status:1266: creating src/virt-viewer.rc
config.status:1266: creating virt-viewer.spec
config.status:1266: creating config.h
config.status:1447: config.h is unchanged
config.status:1526: executing depfiles commands
config.status:1526: executing libtool commands
config.status:1526: executing default-1 commands
config.status:1526: executing po/stamp-it commands
configure:16835: WARNING: unrecognized options: --without-sasl, --with-audio, --without-python, --enable-usbredir, --enable-smartcard
configure:16840: 
configure:16842: Configuration summary
configure:16844: =====================
configure:16846: 
configure:16848:  Features:
configure:16850: 
configure:16852:       Gtk: 2.0
configure:16854: 
configure:16856:  Libraries:
configure:16858: 
configure:16860:        GLIB2: -mms-bitfields -I/usr/x86_64-w64-mingw32/sys-root/mingw/include/glib-2.0 -I/usr/x86_64-w64-mingw32/sys-root/mingw/lib/glib-2.0/include   -L/usr/x86_64-w64-mingw32/sys-root/mingw/lib -lgthread-2.0 -lgmodule-2.0 -lglib-2.0 -lintl  
configure:16862: 
configure:16864:          GTK: -mms-bitfields -I/usr/x86_64-w64-mingw32/sys-root/mingw/include/gtk-2.0 -I/usr/x86_64-w64-mingw32/sys-root/mingw/lib/gtk-2.0/include -I/usr/x86_64-w64-mingw32/sys-root/mingw/include/atk-1.0 -I/usr/x86_64-w64-mingw32/sys-root/mingw/include/cairo -I/usr/x86_64-w64-mingw32/sys-root/mingw/include/gdk-pixbuf-2.0 -I/usr/x86_64-w64-mingw32/sys-root/mingw/include/pango-1.0 -I/usr/x86_64-w64-mingw32/sys-root/mingw/include/glib-2.0 -I/usr/x86_64-w64-mingw32/sys-root/mingw/lib/glib-2.0/include -I/usr/x86_64-w64-mingw32/sys-root/mingw/include/pixman-1 -I/usr/x86_64-w64-mingw32/sys-root/mingw/include -I/usr/x86_64-w64-mingw32/sys-root/mingw/include/freetype2 -I/usr/x86_64-w64-mingw32/sys-root/mingw/include/libpng15 -I/usr/x86_64-w64-mingw32/sys-root/mingw/include/harfbuzz   -Wl,-luuid -L/usr/x86_64-w64-mingw32/sys-root/mingw/lib -lgtk-win32-2.0 -lgdk-win32-2.0 -limm32 -lshell32 -lole32 -latk-1.0 -lpangocairo-1.0 -lgio-2.0 -lgdk_pixbuf-2.0 -lpangoft2-1.0 -lpangowin32-1.0 -lgdi32 -lfontconfig -lfreetype -lpango-1.0 -lm -lcairo -lgobject-2.0 -lglib-2.0 -lintl  
configure:16866: 
configure:16868:      GTK_VNC: -mms-bitfields -I/usr/x86_64-w64-mingw32/sys-root/mingw/include/gtk-vnc-1.0 -I/usr/x86_64-w64-mingw32/sys-root/mingw/include/gvnc-1.0 -I/usr/x86_64-w64-mingw32/sys-root/mingw/include/gtk-2.0 -I/usr/x86_64-w64-mingw32/sys-root/mingw/include/glib-2.0 -I/usr/x86_64-w64-mingw32/sys-root/mingw/lib/glib-2.0/include -I/usr/x86_64-w64-mingw32/sys-root/mingw/lib/gtk-2.0/include -I/usr/x86_64-w64-mingw32/sys-root/mingw/include/atk-1.0 -I/usr/x86_64-w64-mingw32/sys-root/mingw/include/cairo -I/usr/x86_64-w64-mingw32/sys-root/mingw/include/gdk-pixbuf-2.0 -I/usr/x86_64-w64-mingw32/sys-root/mingw/include/pango-1.0 -I/usr/x86_64-w64-mingw32/sys-root/mingw/include/pixman-1 -I/usr/x86_64-w64-mingw32/sys-root/mingw/include -I/usr/x86_64-w64-mingw32/sys-root/mingw/include/freetype2 -I/usr/x86_64-w64-mingw32/sys-root/mingw/include/libpng15 -I/usr/x86_64-w64-mingw32/sys-root/mingw/include/harfbuzz   -Wl,-luuid -L/usr/x86_64-w64-mingw32/sys-root/mingw/lib -lgtk-vnc-1.0 -lgvnc-1.0 -lgtk-win32-2.0 -lgdk-win32-2.0 -limm32 -lshell32 -lole32 -latk-1.0 -lpangocairo-1.0 -lgio-2.0 -lgdk_pixbuf-2.0 -lpangoft2-1.0 -lpangowin32-1.0 -lgdi32 -lfontconfig -lfreetype -lpango-1.0 -lm -lcairo -lgobject-2.0 -lglib-2.0 -lintl  
configure:16870: 
configure:16872:    SPICE_GTK: -mms-bitfields -I/usr/x86_64-w64-mingw32/sys-root/mingw/include/spice-client-gtk-2.0 -I/usr/x86_64-w64-mingw32/sys-root/mingw/include/gtk-2.0 -I/usr/x86_64-w64-mingw32/sys-root/mingw/include/spice-client-glib-2.0 -I/usr/x86_64-w64-mingw32/sys-root/mingw/lib/gtk-2.0/include -I/usr/x86_64-w64-mingw32/sys-root/mingw/include/atk-1.0 -I/usr/x86_64-w64-mingw32/sys-root/mingw/include/cairo -I/usr/x86_64-w64-mingw32/sys-root/mingw/include/gdk-pixbuf-2.0 -I/usr/x86_64-w64-mingw32/sys-root/mingw/include/pango-1.0 -I/usr/x86_64-w64-mingw32/sys-root/mingw/include/glib-2.0 -I/usr/x86_64-w64-mingw32/sys-root/mingw/lib/glib-2.0/include -I/usr/x86_64-w64-mingw32/sys-root/mingw/include/pixman-1 -I/usr/x86_64-w64-mingw32/sys-root/mingw/include -I/usr/x86_64-w64-mingw32/sys-root/mingw/include/freetype2 -I/usr/x86_64-w64-mingw32/sys-root/mingw/include/libpng15 -I/usr/x86_64-w64-mingw32/sys-root/mingw/include/harfbuzz -I/usr/x86_64-w64-mingw32/sys-root/mingw/include/spice-1   -Wl,-luuid -L/usr/x86_64-w64-mingw32/sys-root/mingw/lib -lspice-client-gtk-2.0 -lgtk-win32-2.0 -lspice-client-glib-2.0 -lgdk-win32-2.0 -limm32 -lshell32 -lole32 -latk-1.0 -lpangocairo-1.0 -lgio-2.0 -lgdk_pixbuf-2.0 -lpangoft2-1.0 -lpangowin32-1.0 -lgdi32 -lfontconfig -lfreetype -lpango-1.0 -lm -lcairo -lgobject-2.0 -lglib-2.0 -lintl  
configure:16874: 
configure:16876:      LIBXML2: -I/usr/x86_64-w64-mingw32/sys-root/mingw/include/libxml2   -L/usr/x86_64-w64-mingw32/sys-root/mingw/lib -lxml2  
configure:16878: 
configure:16880:      LIBVIRT: -I/usr/x86_64-w64-mingw32/sys-root/mingw/include   -L/usr/x86_64-w64-mingw32/sys-root/mingw/lib -lvirt -lportablexdr -lintl  
configure:16882: 
configure:16884:        OVIRT:  
configure:16886: 

## ---------------- ##
## Cache variables. ##
## ---------------- ##

ac_cv_build=x86_64-redhat-linux-gnu
ac_cv_c_compiler_gnu=yes
ac_cv_env_CC_set=set
ac_cv_env_CC_value=x86_64-w64-mingw32-gcc
ac_cv_env_CFLAGS_set=set
ac_cv_env_CFLAGS_value=' -O2 -g -pipe -Wall -Wp,-D_FORTIFY_SOURCE=2 -fexceptions --param=ssp-buffer-size=4'
ac_cv_env_CPPFLAGS_set=set
ac_cv_env_CPPFLAGS_value=
ac_cv_env_CPP_set=set
ac_cv_env_CPP_value=/usr/bin/x86_64-w64-mingw32-cpp
ac_cv_env_GLIB2_CFLAGS_set=
ac_cv_env_GLIB2_CFLAGS_value=
ac_cv_env_GLIB2_LIBS_set=
ac_cv_env_GLIB2_LIBS_value=
ac_cv_env_GTK_CFLAGS_set=
ac_cv_env_GTK_CFLAGS_value=
ac_cv_env_GTK_LIBS_set=
ac_cv_env_GTK_LIBS_value=
ac_cv_env_GTK_VNC_CFLAGS_set=
ac_cv_env_GTK_VNC_CFLAGS_value=
ac_cv_env_GTK_VNC_LIBS_set=
ac_cv_env_GTK_VNC_LIBS_value=
ac_cv_env_LDFLAGS_set=set
ac_cv_env_LDFLAGS_value=
ac_cv_env_LIBS_set=
ac_cv_env_LIBS_value=
ac_cv_env_LIBVIRT_CFLAGS_set=
ac_cv_env_LIBVIRT_CFLAGS_value=
ac_cv_env_LIBVIRT_LIBS_set=
ac_cv_env_LIBVIRT_LIBS_value=
ac_cv_env_LIBXML2_CFLAGS_set=
ac_cv_env_LIBXML2_CFLAGS_value=
ac_cv_env_LIBXML2_LIBS_set=
ac_cv_env_LIBXML2_LIBS_value=
ac_cv_env_OVIRT_CFLAGS_set=
ac_cv_env_OVIRT_CFLAGS_value=
ac_cv_env_OVIRT_LIBS_set=
ac_cv_env_OVIRT_LIBS_value=
ac_cv_env_PKG_CONFIG_LIBDIR_set=
ac_cv_env_PKG_CONFIG_LIBDIR_value=
ac_cv_env_PKG_CONFIG_PATH_set=
ac_cv_env_PKG_CONFIG_PATH_value=
ac_cv_env_PKG_CONFIG_set=set
ac_cv_env_PKG_CONFIG_value=/usr/bin/x86_64-w64-mingw32-pkg-config
ac_cv_env_SPICE_CONTROLLER_CFLAGS_set=
ac_cv_env_SPICE_CONTROLLER_CFLAGS_value=
ac_cv_env_SPICE_CONTROLLER_LIBS_set=
ac_cv_env_SPICE_CONTROLLER_LIBS_value=
ac_cv_env_SPICE_GTK_CFLAGS_set=
ac_cv_env_SPICE_GTK_CFLAGS_value=
ac_cv_env_SPICE_GTK_LIBS_set=
ac_cv_env_SPICE_GTK_LIBS_value=
ac_cv_env_SPICE_PROTOCOL_CFLAGS_set=
ac_cv_env_SPICE_PROTOCOL_CFLAGS_value=
ac_cv_env_SPICE_PROTOCOL_LIBS_set=
ac_cv_env_SPICE_PROTOCOL_LIBS_value=
ac_cv_env_build_alias_set=set
ac_cv_env_build_alias_value=x86_64-redhat-linux-gnu
ac_cv_env_host_alias_set=set
ac_cv_env_host_alias_value=x86_64-w64-mingw32
ac_cv_env_target_alias_set=set
ac_cv_env_target_alias_value=x86_64-w64-mingw32
ac_cv_exeext=.exe
ac_cv_func_bind_textdomain_codeset=yes
ac_cv_func_dcgettext=yes
ac_cv_func_fork=no
ac_cv_func_socketpair=no
ac_cv_header_dlfcn_h=yes
ac_cv_header_inttypes_h=yes
ac_cv_header_libintl_h=yes
ac_cv_header_locale_h=yes
ac_cv_header_memory_h=yes
ac_cv_header_stdc=yes
ac_cv_header_stdint_h=yes
ac_cv_header_stdlib_h=yes
ac_cv_header_string_h=yes
ac_cv_header_strings_h=yes
ac_cv_header_sys_socket_h=no
ac_cv_header_sys_stat_h=yes
ac_cv_header_sys_types_h=yes
ac_cv_header_sys_un_h=no
ac_cv_header_unistd_h=yes
ac_cv_header_windows_h=yes
ac_cv_host=x86_64-w64-mingw32
ac_cv_lib_intl_bindtextdomain=yes
ac_cv_lib_intl_dgettext=yes
ac_cv_lib_intl_ngettext=yes
ac_cv_objext=o
ac_cv_path_EGREP='/usr/bin/grep -E'
ac_cv_path_FGREP='/usr/bin/grep -F'
ac_cv_path_GMSGFMT=/usr/bin/msgfmt
ac_cv_path_GREP=/usr/bin/grep
ac_cv_path_INTLTOOL_EXTRACT=/usr/bin/intltool-extract
ac_cv_path_INTLTOOL_MERGE=/usr/bin/intltool-merge
ac_cv_path_INTLTOOL_PERL=/usr/bin/perl
ac_cv_path_INTLTOOL_UPDATE=/usr/bin/intltool-update
ac_cv_path_MSGFMT=/usr/bin/msgfmt
ac_cv_path_MSGMERGE=/usr/bin/msgmerge
ac_cv_path_SED=/usr/bin/sed
ac_cv_path_XGETTEXT=/usr/bin/xgettext
ac_cv_path_install='/usr/bin/install -c'
ac_cv_path_mkdir=/usr/bin/mkdir
ac_cv_prog_AR=/usr/bin/x86_64-w64-mingw32-ar
ac_cv_prog_AWK=gawk
ac_cv_prog_CC=x86_64-w64-mingw32-gcc
ac_cv_prog_CPP=/usr/bin/x86_64-w64-mingw32-cpp
ac_cv_prog_DLLTOOL=/usr/bin/x86_64-w64-mingw32-dlltool
ac_cv_prog_ICOTOOL=icotool
ac_cv_prog_OBJDUMP=/usr/bin/x86_64-w64-mingw32-objdump
ac_cv_prog_RANLIB=/usr/bin/x86_64-w64-mingw32-ranlib
ac_cv_prog_STRIP=/usr/bin/x86_64-w64-mingw32-strip
ac_cv_prog_WINDRES=/usr/bin/x86_64-w64-mingw32-windres
ac_cv_prog_cc_c89=
ac_cv_prog_cc_g=yes
ac_cv_prog_cc_x86_64_w64_mingw32_gcc_c_o=yes
ac_cv_prog_make_make_set=yes
am_cv_CC_dependencies_compiler_type=gcc3
am_cv_make_support_nested_variables=yes
am_cv_val_LC_MESSAGES=no
gt_cv_func_dgettext_libc=no
gt_cv_func_dgettext_libintl=yes
gt_cv_func_ngettext_libc=no
gt_cv_have_gettext=yes
lt_cv_ar_at_file=@
lt_cv_archive_cmds_need_lc=yes
lt_cv_deplibs_check_method='file_magic ^x86 archive import|^x86 DLL'
lt_cv_file_magic_cmd=func_win32_libid
lt_cv_file_magic_test_file=
lt_cv_ld_reload_flag=-r
lt_cv_nm_interface='BSD nm'
lt_cv_objdir=.libs
lt_cv_path_LD=/usr/bin/x86_64-w64-mingw32-ld
lt_cv_path_NM=/usr/bin/x86_64-w64-mingw32-nm
lt_cv_path_mainfest_tool=no
lt_cv_prog_compiler_c_o=yes
lt_cv_prog_compiler_pic='-DDLL_EXPORT -DPIC'
lt_cv_prog_compiler_pic_works=yes
lt_cv_prog_compiler_rtti_exceptions=no
lt_cv_prog_compiler_static_works=yes
lt_cv_prog_gnu_ld=yes
lt_cv_sharedlib_from_linklib_cmd=func_cygming_dll_for_implib
lt_cv_sys_global_symbol_pipe='sed -n -e '\''s/^.*[	 ]\([ABCDGIRSTW][ABCDGIRSTW]*\)[	 ][	 ]*\([_A-Za-z][_A-Za-z0-9]*\)$/\1 \2 \2/p'\'' | sed '\''/ __gnu_lto/d'\'''
lt_cv_sys_global_symbol_to_c_name_address='sed -n -e '\''s/^: \([^ ]*\)[ ]*$/  {\"\1\", (void *) 0},/p'\'' -e '\''s/^[ABCDGIRSTW]* \([^ ]*\) \([^ ]*\)$/  {"\2", (void *) \&\2},/p'\'''
lt_cv_sys_global_symbol_to_c_name_address_lib_prefix='sed -n -e '\''s/^: \([^ ]*\)[ ]*$/  {\"\1\", (void *) 0},/p'\'' -e '\''s/^[ABCDGIRSTW]* \([^ ]*\) \(lib[^ ]*\)$/  {"\2", (void *) \&\2},/p'\'' -e '\''s/^[ABCDGIRSTW]* \([^ ]*\) \([^ ]*\)$/  {"lib\2", (void *) \&\2},/p'\'''
lt_cv_sys_global_symbol_to_cdecl='sed -n -e '\''s/^T .* \(.*\)$/extern int \1();/p'\'' -e '\''s/^[ABCDGIRSTW]* .* \(.*\)$/extern char \1;/p'\'''
lt_cv_sys_max_cmd_len=1572864
lt_cv_to_host_file_cmd=func_convert_file_nix_to_w32
lt_cv_to_tool_file_cmd=func_convert_file_noop
pkg_cv_GLIB2_CFLAGS='-mms-bitfields -I/usr/x86_64-w64-mingw32/sys-root/mingw/include/glib-2.0 -I/usr/x86_64-w64-mingw32/sys-root/mingw/lib/glib-2.0/include  '
pkg_cv_GLIB2_LIBS='-L/usr/x86_64-w64-mingw32/sys-root/mingw/lib -lgthread-2.0 -lgmodule-2.0 -lglib-2.0 -lintl  '
pkg_cv_GTK_CFLAGS='-mms-bitfields -I/usr/x86_64-w64-mingw32/sys-root/mingw/include/gtk-2.0 -I/usr/x86_64-w64-mingw32/sys-root/mingw/lib/gtk-2.0/include -I/usr/x86_64-w64-mingw32/sys-root/mingw/include/atk-1.0 -I/usr/x86_64-w64-mingw32/sys-root/mingw/include/cairo -I/usr/x86_64-w64-mingw32/sys-root/mingw/include/gdk-pixbuf-2.0 -I/usr/x86_64-w64-mingw32/sys-root/mingw/include/pango-1.0 -I/usr/x86_64-w64-mingw32/sys-root/mingw/include/glib-2.0 -I/usr/x86_64-w64-mingw32/sys-root/mingw/lib/glib-2.0/include -I/usr/x86_64-w64-mingw32/sys-root/mingw/include/pixman-1 -I/usr/x86_64-w64-mingw32/sys-root/mingw/include -I/usr/x86_64-w64-mingw32/sys-root/mingw/include/freetype2 -I/usr/x86_64-w64-mingw32/sys-root/mingw/include/libpng15 -I/usr/x86_64-w64-mingw32/sys-root/mingw/include/harfbuzz  '
pkg_cv_GTK_LIBS='-Wl,-luuid -L/usr/x86_64-w64-mingw32/sys-root/mingw/lib -lgtk-win32-2.0 -lgdk-win32-2.0 -limm32 -lshell32 -lole32 -latk-1.0 -lpangocairo-1.0 -lgio-2.0 -lgdk_pixbuf-2.0 -lpangoft2-1.0 -lpangowin32-1.0 -lgdi32 -lfontconfig -lfreetype -lpango-1.0 -lm -lcairo -lgobject-2.0 -lglib-2.0 -lintl  '
pkg_cv_GTK_VNC_CFLAGS='-mms-bitfields -I/usr/x86_64-w64-mingw32/sys-root/mingw/include/gtk-vnc-1.0 -I/usr/x86_64-w64-mingw32/sys-root/mingw/include/gvnc-1.0 -I/usr/x86_64-w64-mingw32/sys-root/mingw/include/gtk-2.0 -I/usr/x86_64-w64-mingw32/sys-root/mingw/include/glib-2.0 -I/usr/x86_64-w64-mingw32/sys-root/mingw/lib/glib-2.0/include -I/usr/x86_64-w64-mingw32/sys-root/mingw/lib/gtk-2.0/include -I/usr/x86_64-w64-mingw32/sys-root/mingw/include/atk-1.0 -I/usr/x86_64-w64-mingw32/sys-root/mingw/include/cairo -I/usr/x86_64-w64-mingw32/sys-root/mingw/include/gdk-pixbuf-2.0 -I/usr/x86_64-w64-mingw32/sys-root/mingw/include/pango-1.0 -I/usr/x86_64-w64-mingw32/sys-root/mingw/include/pixman-1 -I/usr/x86_64-w64-mingw32/sys-root/mingw/include -I/usr/x86_64-w64-mingw32/sys-root/mingw/include/freetype2 -I/usr/x86_64-w64-mingw32/sys-root/mingw/include/libpng15 -I/usr/x86_64-w64-mingw32/sys-root/mingw/include/harfbuzz  '
pkg_cv_GTK_VNC_LIBS='-Wl,-luuid -L/usr/x86_64-w64-mingw32/sys-root/mingw/lib -lgtk-vnc-1.0 -lgvnc-1.0 -lgtk-win32-2.0 -lgdk-win32-2.0 -limm32 -lshell32 -lole32 -latk-1.0 -lpangocairo-1.0 -lgio-2.0 -lgdk_pixbuf-2.0 -lpangoft2-1.0 -lpangowin32-1.0 -lgdi32 -lfontconfig -lfreetype -lpango-1.0 -lm -lcairo -lgobject-2.0 -lglib-2.0 -lintl  '
pkg_cv_LIBVIRT_CFLAGS='-I/usr/x86_64-w64-mingw32/sys-root/mingw/include  '
pkg_cv_LIBVIRT_LIBS='-L/usr/x86_64-w64-mingw32/sys-root/mingw/lib -lvirt -lportablexdr -lintl  '
pkg_cv_LIBXML2_CFLAGS='-I/usr/x86_64-w64-mingw32/sys-root/mingw/include/libxml2  '
pkg_cv_LIBXML2_LIBS='-L/usr/x86_64-w64-mingw32/sys-root/mingw/lib -lxml2  '
pkg_cv_SPICE_CONTROLLER_CFLAGS='-mms-bitfields -I/usr/x86_64-w64-mingw32/sys-root/mingw/include/spice-controller -I/usr/x86_64-w64-mingw32/sys-root/mingw/include/glib-2.0 -I/usr/x86_64-w64-mingw32/sys-root/mingw/lib/glib-2.0/include  '
pkg_cv_SPICE_CONTROLLER_LIBS='-L/usr/x86_64-w64-mingw32/sys-root/mingw/lib -lspice-controller -lglib-2.0 -lintl  '
pkg_cv_SPICE_GTK_CFLAGS='-mms-bitfields -I/usr/x86_64-w64-mingw32/sys-root/mingw/include/spice-client-gtk-2.0 -I/usr/x86_64-w64-mingw32/sys-root/mingw/include/gtk-2.0 -I/usr/x86_64-w64-mingw32/sys-root/mingw/include/spice-client-glib-2.0 -I/usr/x86_64-w64-mingw32/sys-root/mingw/lib/gtk-2.0/include -I/usr/x86_64-w64-mingw32/sys-root/mingw/include/atk-1.0 -I/usr/x86_64-w64-mingw32/sys-root/mingw/include/cairo -I/usr/x86_64-w64-mingw32/sys-root/mingw/include/gdk-pixbuf-2.0 -I/usr/x86_64-w64-mingw32/sys-root/mingw/include/pango-1.0 -I/usr/x86_64-w64-mingw32/sys-root/mingw/include/glib-2.0 -I/usr/x86_64-w64-mingw32/sys-root/mingw/lib/glib-2.0/include -I/usr/x86_64-w64-mingw32/sys-root/mingw/include/pixman-1 -I/usr/x86_64-w64-mingw32/sys-root/mingw/include -I/usr/x86_64-w64-mingw32/sys-root/mingw/include/freetype2 -I/usr/x86_64-w64-mingw32/sys-root/mingw/include/libpng15 -I/usr/x86_64-w64-mingw32/sys-root/mingw/include/harfbuzz -I/usr/x86_64-w64-mingw32/sys-root/mingw/include/spice-1  '
pkg_cv_SPICE_GTK_LIBS='-Wl,-luuid -L/usr/x86_64-w64-mingw32/sys-root/mingw/lib -lspice-client-gtk-2.0 -lgtk-win32-2.0 -lspice-client-glib-2.0 -lgdk-win32-2.0 -limm32 -lshell32 -lole32 -latk-1.0 -lpangocairo-1.0 -lgio-2.0 -lgdk_pixbuf-2.0 -lpangoft2-1.0 -lpangowin32-1.0 -lgdi32 -lfontconfig -lfreetype -lpango-1.0 -lm -lcairo -lgobject-2.0 -lglib-2.0 -lintl  '
pkg_cv_SPICE_PROTOCOL_CFLAGS='-I/usr/x86_64-w64-mingw32/sys-root/mingw/include/spice-1  '
pkg_cv_SPICE_PROTOCOL_LIBS=' '

## ----------------- ##
## Output variables. ##
## ----------------- ##

ACLOCAL='${SHELL} /home/openstack/workspace/virt-viewer/build-aux/missing aclocal-1.13'
ALL_LINGUAS=''
AMDEPBACKSLASH='\'
AMDEP_FALSE='#'
AMDEP_TRUE=''
AMTAR='$${TAR-tar}'
AM_BACKSLASH='\'
AM_DEFAULT_V='$(AM_DEFAULT_VERBOSITY)'
AM_DEFAULT_VERBOSITY='0'
AM_V='$(V)'
AR='/usr/bin/x86_64-w64-mingw32-ar'
AUTOCONF='${SHELL} /home/openstack/workspace/virt-viewer/build-aux/missing autoconf'
AUTOHEADER='${SHELL} /home/openstack/workspace/virt-viewer/build-aux/missing autoheader'
AUTOMAKE='${SHELL} /home/openstack/workspace/virt-viewer/build-aux/missing automake-1.13'
AWK='gawk'
BUILDID=''
CATALOGS=''
CATOBJEXT='.gmo'
CC='x86_64-w64-mingw32-gcc'
CCDEPMODE='depmode=gcc3'
CFLAGS=' -O2 -g -pipe -Wall -Wp,-D_FORTIFY_SOURCE=2 -fexceptions --param=ssp-buffer-size=4'
CPP='/usr/bin/x86_64-w64-mingw32-cpp'
CPPFLAGS=''
CYGPATH_W='echo'
DATADIRNAME='share'
DEFS='-DHAVE_CONFIG_H'
DEPDIR='.deps'
DLLTOOL='/usr/bin/x86_64-w64-mingw32-dlltool'
DSYMUTIL=''
DUMPBIN=''
ECHO_C=''
ECHO_N='-n'
ECHO_T=''
EGREP='/usr/bin/grep -E'
EXEEXT='.exe'
FGREP='/usr/bin/grep -F'
GETTEXT_PACKAGE='virt-viewer'
GLIB2_CFLAGS='-mms-bitfields -I/usr/x86_64-w64-mingw32/sys-root/mingw/include/glib-2.0 -I/usr/x86_64-w64-mingw32/sys-root/mingw/lib/glib-2.0/include  '
GLIB2_LIBS='-L/usr/x86_64-w64-mingw32/sys-root/mingw/lib -lgthread-2.0 -lgmodule-2.0 -lglib-2.0 -lintl  '
GLIB_MKENUMS='glib-mkenums'
GMOFILES=''
GMSGFMT='/usr/bin/msgfmt'
GREP='/usr/bin/grep'
GTK_API_VERSION='2.0'
GTK_CFLAGS='-mms-bitfields -I/usr/x86_64-w64-mingw32/sys-root/mingw/include/gtk-2.0 -I/usr/x86_64-w64-mingw32/sys-root/mingw/lib/gtk-2.0/include -I/usr/x86_64-w64-mingw32/sys-root/mingw/include/atk-1.0 -I/usr/x86_64-w64-mingw32/sys-root/mingw/include/cairo -I/usr/x86_64-w64-mingw32/sys-root/mingw/include/gdk-pixbuf-2.0 -I/usr/x86_64-w64-mingw32/sys-root/mingw/include/pango-1.0 -I/usr/x86_64-w64-mingw32/sys-root/mingw/include/glib-2.0 -I/usr/x86_64-w64-mingw32/sys-root/mingw/lib/glib-2.0/include -I/usr/x86_64-w64-mingw32/sys-root/mingw/include/pixman-1 -I/usr/x86_64-w64-mingw32/sys-root/mingw/include -I/usr/x86_64-w64-mingw32/sys-root/mingw/include/freetype2 -I/usr/x86_64-w64-mingw32/sys-root/mingw/include/libpng15 -I/usr/x86_64-w64-mingw32/sys-root/mingw/include/harfbuzz  '
GTK_LIBS='-Wl,-luuid -L/usr/x86_64-w64-mingw32/sys-root/mingw/lib -lgtk-win32-2.0 -lgdk-win32-2.0 -limm32 -lshell32 -lole32 -latk-1.0 -lpangocairo-1.0 -lgio-2.0 -lgdk_pixbuf-2.0 -lpangoft2-1.0 -lpangowin32-1.0 -lgdi32 -lfontconfig -lfreetype -lpango-1.0 -lm -lcairo -lgobject-2.0 -lglib-2.0 -lintl  '
GTK_REQUIRED='2.18.0'
GTK_VNC_API_VERSION='1.0'
GTK_VNC_CFLAGS='-mms-bitfields -I/usr/x86_64-w64-mingw32/sys-root/mingw/include/gtk-vnc-1.0 -I/usr/x86_64-w64-mingw32/sys-root/mingw/include/gvnc-1.0 -I/usr/x86_64-w64-mingw32/sys-root/mingw/include/gtk-2.0 -I/usr/x86_64-w64-mingw32/sys-root/mingw/include/glib-2.0 -I/usr/x86_64-w64-mingw32/sys-root/mingw/lib/glib-2.0/include -I/usr/x86_64-w64-mingw32/sys-root/mingw/lib/gtk-2.0/include -I/usr/x86_64-w64-mingw32/sys-root/mingw/include/atk-1.0 -I/usr/x86_64-w64-mingw32/sys-root/mingw/include/cairo -I/usr/x86_64-w64-mingw32/sys-root/mingw/include/gdk-pixbuf-2.0 -I/usr/x86_64-w64-mingw32/sys-root/mingw/include/pango-1.0 -I/usr/x86_64-w64-mingw32/sys-root/mingw/include/pixman-1 -I/usr/x86_64-w64-mingw32/sys-root/mingw/include -I/usr/x86_64-w64-mingw32/sys-root/mingw/include/freetype2 -I/usr/x86_64-w64-mingw32/sys-root/mingw/include/libpng15 -I/usr/x86_64-w64-mingw32/sys-root/mingw/include/harfbuzz  '
GTK_VNC_LIBS='-Wl,-luuid -L/usr/x86_64-w64-mingw32/sys-root/mingw/lib -lgtk-vnc-1.0 -lgvnc-1.0 -lgtk-win32-2.0 -lgdk-win32-2.0 -limm32 -lshell32 -lole32 -latk-1.0 -lpangocairo-1.0 -lgio-2.0 -lgdk_pixbuf-2.0 -lpangoft2-1.0 -lpangowin32-1.0 -lgdi32 -lfontconfig -lfreetype -lpango-1.0 -lm -lcairo -lgobject-2.0 -lglib-2.0 -lintl  '
HAVE_GTK_2_FALSE='#'
HAVE_GTK_2_TRUE=''
HAVE_GTK_3_FALSE=''
HAVE_GTK_3_TRUE='#'
HAVE_GTK_VNC_FALSE='#'
HAVE_GTK_VNC_TRUE=''
HAVE_LIBVIRT_FALSE='#'
HAVE_LIBVIRT_TRUE=''
HAVE_SPICE_GTK_FALSE='#'
HAVE_SPICE_GTK_TRUE=''
ICOTOOL='icotool'
INSTALL_DATA='${INSTALL} -m 644'
INSTALL_PROGRAM='${INSTALL}'
INSTALL_SCRIPT='${INSTALL}'
INSTALL_STRIP_PROGRAM='$(install_sh) -c -s'
INSTOBJEXT='.mo'
INTLLIBS='-lintl '
INTLTOOL_CAVES_RULE='%.caves:     %.caves.in     $(INTLTOOL_MERGE) $(wildcard $(top_srcdir)/po/*.po) ; $(INTLTOOL_V_MERGE)LC_ALL=C $(INTLTOOL_MERGE) $(INTLTOOL_V_MERGE_OPTIONS) -d -u -c $(top_builddir)/po/.intltool-merge-cache $(top_srcdir)/po $< $@'
INTLTOOL_DESKTOP_RULE='%.desktop:   %.desktop.in   $(INTLTOOL_MERGE) $(wildcard $(top_srcdir)/po/*.po) ; $(INTLTOOL_V_MERGE)LC_ALL=C $(INTLTOOL_MERGE) $(INTLTOOL_V_MERGE_OPTIONS) -d -u -c $(top_builddir)/po/.intltool-merge-cache $(top_srcdir)/po $< $@'
INTLTOOL_DIRECTORY_RULE='%.directory: %.directory.in $(INTLTOOL_MERGE) $(wildcard $(top_srcdir)/po/*.po) ; $(INTLTOOL_V_MERGE)LC_ALL=C $(INTLTOOL_MERGE) $(INTLTOOL_V_MERGE_OPTIONS) -d -u -c $(top_builddir)/po/.intltool-merge-cache $(top_srcdir)/po $< $@'
INTLTOOL_EXTRACT='/usr/bin/intltool-extract'
INTLTOOL_KBD_RULE='%.kbd:       %.kbd.in       $(INTLTOOL_MERGE) $(wildcard $(top_srcdir)/po/*.po) ; $(INTLTOOL_V_MERGE)LC_ALL=C $(INTLTOOL_MERGE) $(INTLTOOL_V_MERGE_OPTIONS) -x -u -m -c $(top_builddir)/po/.intltool-merge-cache $(top_srcdir)/po $< $@'
INTLTOOL_KEYS_RULE='%.keys:      %.keys.in      $(INTLTOOL_MERGE) $(wildcard $(top_srcdir)/po/*.po) ; $(INTLTOOL_V_MERGE)LC_ALL=C $(INTLTOOL_MERGE) $(INTLTOOL_V_MERGE_OPTIONS) -k -u -c $(top_builddir)/po/.intltool-merge-cache $(top_srcdir)/po $< $@'
INTLTOOL_MERGE='/usr/bin/intltool-merge'
INTLTOOL_OAF_RULE='%.oaf:       %.oaf.in       $(INTLTOOL_MERGE) $(wildcard $(top_srcdir)/po/*.po) ; $(INTLTOOL_V_MERGE)LC_ALL=C $(INTLTOOL_MERGE) $(INTLTOOL_V_MERGE_OPTIONS) -o -p $(top_srcdir)/po $< $@'
INTLTOOL_PERL='/usr/bin/perl'
INTLTOOL_POLICY_RULE='%.policy:    %.policy.in    $(INTLTOOL_MERGE) $(wildcard $(top_srcdir)/po/*.po) ; $(INTLTOOL_V_MERGE)LC_ALL=C $(INTLTOOL_MERGE) $(INTLTOOL_V_MERGE_OPTIONS) -x -u -c $(top_builddir)/po/.intltool-merge-cache $(top_srcdir)/po $< $@'
INTLTOOL_PONG_RULE='%.pong:      %.pong.in      $(INTLTOOL_MERGE) $(wildcard $(top_srcdir)/po/*.po) ; $(INTLTOOL_V_MERGE)LC_ALL=C $(INTLTOOL_MERGE) $(INTLTOOL_V_MERGE_OPTIONS) -x -u -c $(top_builddir)/po/.intltool-merge-cache $(top_srcdir)/po $< $@'
INTLTOOL_PROP_RULE='%.prop:      %.prop.in      $(INTLTOOL_MERGE) $(wildcard $(top_srcdir)/po/*.po) ; $(INTLTOOL_V_MERGE)LC_ALL=C $(INTLTOOL_MERGE) $(INTLTOOL_V_MERGE_OPTIONS) -d -u -c $(top_builddir)/po/.intltool-merge-cache $(top_srcdir)/po $< $@'
INTLTOOL_SCHEMAS_RULE='%.schemas:   %.schemas.in   $(INTLTOOL_MERGE) $(wildcard $(top_srcdir)/po/*.po) ; $(INTLTOOL_V_MERGE)LC_ALL=C $(INTLTOOL_MERGE) $(INTLTOOL_V_MERGE_OPTIONS) -s -u -c $(top_builddir)/po/.intltool-merge-cache $(top_srcdir)/po $< $@'
INTLTOOL_SERVER_RULE='%.server:    %.server.in    $(INTLTOOL_MERGE) $(wildcard $(top_srcdir)/po/*.po) ; $(INTLTOOL_V_MERGE)LC_ALL=C $(INTLTOOL_MERGE) $(INTLTOOL_V_MERGE_OPTIONS) -o -u -c $(top_builddir)/po/.intltool-merge-cache $(top_srcdir)/po $< $@'
INTLTOOL_SERVICE_RULE='%.service: %.service.in   $(INTLTOOL_MERGE) $(wildcard $(top_srcdir)/po/*.po) ; $(INTLTOOL_V_MERGE)LC_ALL=C $(INTLTOOL_MERGE) $(INTLTOOL_V_MERGE_OPTIONS) -d -u -c $(top_builddir)/po/.intltool-merge-cache $(top_srcdir)/po $< $@'
INTLTOOL_SHEET_RULE='%.sheet:     %.sheet.in     $(INTLTOOL_MERGE) $(wildcard $(top_srcdir)/po/*.po) ; $(INTLTOOL_V_MERGE)LC_ALL=C $(INTLTOOL_MERGE) $(INTLTOOL_V_MERGE_OPTIONS) -x -u -c $(top_builddir)/po/.intltool-merge-cache $(top_srcdir)/po $< $@'
INTLTOOL_SOUNDLIST_RULE='%.soundlist: %.soundlist.in $(INTLTOOL_MERGE) $(wildcard $(top_srcdir)/po/*.po) ; $(INTLTOOL_V_MERGE)LC_ALL=C $(INTLTOOL_MERGE) $(INTLTOOL_V_MERGE_OPTIONS) -d -u -c $(top_builddir)/po/.intltool-merge-cache $(top_srcdir)/po $< $@'
INTLTOOL_THEME_RULE='%.theme:     %.theme.in     $(INTLTOOL_MERGE) $(wildcard $(top_srcdir)/po/*.po) ; $(INTLTOOL_V_MERGE)LC_ALL=C $(INTLTOOL_MERGE) $(INTLTOOL_V_MERGE_OPTIONS) -d -u -c $(top_builddir)/po/.intltool-merge-cache $(top_srcdir)/po $< $@'
INTLTOOL_UI_RULE='%.ui:        %.ui.in        $(INTLTOOL_MERGE) $(wildcard $(top_srcdir)/po/*.po) ; $(INTLTOOL_V_MERGE)LC_ALL=C $(INTLTOOL_MERGE) $(INTLTOOL_V_MERGE_OPTIONS) -x -u -c $(top_builddir)/po/.intltool-merge-cache $(top_srcdir)/po $< $@'
INTLTOOL_UPDATE='/usr/bin/intltool-update'
INTLTOOL_V_MERGE='$(INTLTOOL__v_MERGE_$(V))'
INTLTOOL_V_MERGE_OPTIONS='$(intltool__v_merge_options_$(V))'
INTLTOOL_XAM_RULE='%.xam:       %.xml.in       $(INTLTOOL_MERGE) $(wildcard $(top_srcdir)/po/*.po) ; $(INTLTOOL_V_MERGE)LC_ALL=C $(INTLTOOL_MERGE) $(INTLTOOL_V_MERGE_OPTIONS) -x -u -c $(top_builddir)/po/.intltool-merge-cache $(top_srcdir)/po $< $@'
INTLTOOL_XML_NOMERGE_RULE='%.xml:       %.xml.in       $(INTLTOOL_MERGE) ; $(INTLTOOL_V_MERGE)LC_ALL=C $(INTLTOOL_MERGE) $(INTLTOOL_V_MERGE_OPTIONS) -x -u --no-translations $< $@'
INTLTOOL_XML_RULE='%.xml:       %.xml.in       $(INTLTOOL_MERGE) $(wildcard $(top_srcdir)/po/*.po) ; $(INTLTOOL_V_MERGE)LC_ALL=C $(INTLTOOL_MERGE) $(INTLTOOL_V_MERGE_OPTIONS) -x -u -c $(top_builddir)/po/.intltool-merge-cache $(top_srcdir)/po $< $@'
INTLTOOL__v_MERGE_0='@echo "  ITMRG " $@;'
INTLTOOL__v_MERGE_='$(INTLTOOL__v_MERGE_$(AM_DEFAULT_VERBOSITY))'
LD='/usr/bin/x86_64-w64-mingw32-ld'
LDFLAGS=''
LIBOBJS=''
LIBS=''
LIBTOOL='$(SHELL) $(top_builddir)/libtool'
LIBVIRT_CFLAGS='-I/usr/x86_64-w64-mingw32/sys-root/mingw/include  '
LIBVIRT_LIBS='-L/usr/x86_64-w64-mingw32/sys-root/mingw/lib -lvirt -lportablexdr -lintl  '
LIBXML2_CFLAGS='-I/usr/x86_64-w64-mingw32/sys-root/mingw/include/libxml2  '
LIBXML2_LIBS='-L/usr/x86_64-w64-mingw32/sys-root/mingw/lib -lxml2  '
LIPO=''
LN_S='ln -s'
LTLIBOBJS=''
MAKEINFO='${SHELL} /home/openstack/workspace/virt-viewer/build-aux/missing makeinfo'
MANIFEST_TOOL=':'
MKDIR_P='/usr/bin/mkdir -p'
MKINSTALLDIRS='build-aux/mkinstalldirs'
MSGFMT='/usr/bin/msgfmt'
MSGFMT_OPTS='-c'
MSGMERGE='/usr/bin/msgmerge'
NM='/usr/bin/x86_64-w64-mingw32-nm'
NMEDIT=''
OBJDUMP='/usr/bin/x86_64-w64-mingw32-objdump'
OBJEXT='o'
OS_WIN32_FALSE='#'
OS_WIN32_TRUE=''
OTOOL64=''
OTOOL=''
OVIRT_CFLAGS=''
OVIRT_LIBS=''
PACKAGE='virt-viewer'
PACKAGE_BUGREPORT=''
PACKAGE_NAME='virt-viewer'
PACKAGE_STRING='virt-viewer 0.5.7'
PACKAGE_TARNAME='virt-viewer'
PACKAGE_URL=''
PACKAGE_VERSION='0.5.7'
PATH_SEPARATOR=':'
PKG_CONFIG='/usr/bin/x86_64-w64-mingw32-pkg-config'
PKG_CONFIG_LIBDIR=''
PKG_CONFIG_PATH=''
POFILES=''
POSUB='po'
PO_IN_DATADIR_FALSE=''
PO_IN_DATADIR_TRUE=''
RANLIB='/usr/bin/x86_64-w64-mingw32-ranlib'
SED='/usr/bin/sed'
SET_MAKE=''
SHELL='/bin/sh'
SPICE_CONTROLLER_CFLAGS='-mms-bitfields -I/usr/x86_64-w64-mingw32/sys-root/mingw/include/spice-controller -I/usr/x86_64-w64-mingw32/sys-root/mingw/include/glib-2.0 -I/usr/x86_64-w64-mingw32/sys-root/mingw/lib/glib-2.0/include  '
SPICE_CONTROLLER_LIBS='-L/usr/x86_64-w64-mingw32/sys-root/mingw/lib -lspice-controller -lglib-2.0 -lintl  '
SPICE_GTK_CFLAGS='-mms-bitfields -I/usr/x86_64-w64-mingw32/sys-root/mingw/include/spice-client-gtk-2.0 -I/usr/x86_64-w64-mingw32/sys-root/mingw/include/gtk-2.0 -I/usr/x86_64-w64-mingw32/sys-root/mingw/include/spice-client-glib-2.0 -I/usr/x86_64-w64-mingw32/sys-root/mingw/lib/gtk-2.0/include -I/usr/x86_64-w64-mingw32/sys-root/mingw/include/atk-1.0 -I/usr/x86_64-w64-mingw32/sys-root/mingw/include/cairo -I/usr/x86_64-w64-mingw32/sys-root/mingw/include/gdk-pixbuf-2.0 -I/usr/x86_64-w64-mingw32/sys-root/mingw/include/pango-1.0 -I/usr/x86_64-w64-mingw32/sys-root/mingw/include/glib-2.0 -I/usr/x86_64-w64-mingw32/sys-root/mingw/lib/glib-2.0/include -I/usr/x86_64-w64-mingw32/sys-root/mingw/include/pixman-1 -I/usr/x86_64-w64-mingw32/sys-root/mingw/include -I/usr/x86_64-w64-mingw32/sys-root/mingw/include/freetype2 -I/usr/x86_64-w64-mingw32/sys-root/mingw/include/libpng15 -I/usr/x86_64-w64-mingw32/sys-root/mingw/include/harfbuzz -I/usr/x86_64-w64-mingw32/sys-root/mingw/include/spice-1  '
SPICE_GTK_LIBS='-Wl,-luuid -L/usr/x86_64-w64-mingw32/sys-root/mingw/lib -lspice-client-gtk-2.0 -lgtk-win32-2.0 -lspice-client-glib-2.0 -lgdk-win32-2.0 -limm32 -lshell32 -lole32 -latk-1.0 -lpangocairo-1.0 -lgio-2.0 -lgdk_pixbuf-2.0 -lpangoft2-1.0 -lpangowin32-1.0 -lgdi32 -lfontconfig -lfreetype -lpango-1.0 -lm -lcairo -lgobject-2.0 -lglib-2.0 -lintl  '
SPICE_PROTOCOL_CFLAGS='-I/usr/x86_64-w64-mingw32/sys-root/mingw/include/spice-1  '
SPICE_PROTOCOL_LIBS=' '
STRIP='/usr/bin/x86_64-w64-mingw32-strip'
USE_NLS='yes'
VERSION='0.5.7'
WARN_CFLAGS=' -fexceptions -fstack-protector --param=ssp-buffer-size=4 -fasynchronous-unwind-tables -Wall -Wmissing-prototypes -std=c99 -Wnested-externs -Wpointer-arith -Wextra -Wshadow -Wcast-align -Wwrite-strings -Waggregate-return -Winline -Wredundant-decls -Wno-sign-compare -Wno-deprecated-declarations '
WINDOWS_PRODUCTVERSION='0.5.1792'
WINDRES='/usr/bin/x86_64-w64-mingw32-windres'
WIXL_ARCH='x64'
XGETTEXT='/usr/bin/xgettext'
ac_ct_AR=''
ac_ct_CC=''
ac_ct_DUMPBIN=''
am__EXEEXT_FALSE='#'
am__EXEEXT_TRUE=''
am__fastdepCC_FALSE='#'
am__fastdepCC_TRUE=''
am__include='include'
am__isrc=''
am__leading_dot='.'
am__nodep='_no'
am__quote=''
am__tar='$${TAR-tar} chof - "$$tardir"'
am__untar='$${TAR-tar} xf -'
bindir='/usr/x86_64-w64-mingw32/sys-root/mingw/bin'
build='1792'
build_alias='x86_64-redhat-linux-gnu'
build_cpu='x86_64'
build_os='linux-gnu'
build_vendor='redhat'
datadir='/usr/x86_64-w64-mingw32/sys-root/mingw/share'
datarootdir='${prefix}/share'
docdir='${datarootdir}/doc/${PACKAGE_TARNAME}'
dvidir='${docdir}'
exec_prefix='/usr/x86_64-w64-mingw32/sys-root/mingw'
host='x86_64-w64-mingw32'
host_alias='x86_64-w64-mingw32'
host_cpu='x86_64'
host_os='mingw32'
host_vendor='w64'
htmldir='${docdir}'
includedir='/usr/x86_64-w64-mingw32/sys-root/mingw/include'
infodir='/usr/x86_64-w64-mingw32/sys-root/mingw/share/info'
install_sh='${SHELL} /home/openstack/workspace/virt-viewer/build-aux/install-sh'
intltool__v_merge_options_0='-q'
intltool__v_merge_options_='$(intltool__v_merge_options_$(AM_DEFAULT_VERBOSITY))'
libdir='/usr/x86_64-w64-mingw32/sys-root/mingw/lib'
libexecdir='/usr/x86_64-w64-mingw32/sys-root/mingw/libexec'
localedir='${datarootdir}/locale'
localstatedir='/usr/x86_64-w64-mingw32/sys-root/mingw/var'
mandir='/usr/x86_64-w64-mingw32/sys-root/mingw/share/man'
mkdir_p='$(MKDIR_P)'
oldincludedir='/usr/include'
pdfdir='${docdir}'
prefix='/usr/x86_64-w64-mingw32/sys-root/mingw'
program_transform_name='s,x,x,'
psdir='${docdir}'
sbindir='/usr/x86_64-w64-mingw32/sys-root/mingw/sbin'
sharedstatedir='/usr/x86_64-w64-mingw32/sys-root/mingw/com'
sysconfdir='/usr/x86_64-w64-mingw32/sys-root/mingw/etc'
target_alias='x86_64-w64-mingw32'

## ----------- ##
## confdefs.h. ##
## ----------- ##

/* confdefs.h */
#define PACKAGE_NAME "virt-viewer"
#define PACKAGE_TARNAME "virt-viewer"
#define PACKAGE_VERSION "0.5.7"
#define PACKAGE_STRING "virt-viewer 0.5.7"
#define PACKAGE_BUGREPORT ""
#define PACKAGE_URL ""
#define PACKAGE "virt-viewer"
#define VERSION "0.5.7"
#define STDC_HEADERS 1
#define HAVE_SYS_TYPES_H 1
#define HAVE_SYS_STAT_H 1
#define HAVE_STDLIB_H 1
#define HAVE_STRING_H 1
#define HAVE_MEMORY_H 1
#define HAVE_STRINGS_H 1
#define HAVE_INTTYPES_H 1
#define HAVE_STDINT_H 1
#define HAVE_UNISTD_H 1
#define HAVE_DLFCN_H 1
#define LT_OBJDIR ".libs/"
#define _GNU_SOURCE /**/
#define GETTEXT_PACKAGE "virt-viewer"
#define HAVE_LOCALE_H 1
#define HAVE_BIND_TEXTDOMAIN_CODESET 1
#define HAVE_GETTEXT 1
#define HAVE_DCGETTEXT 1
#define ENABLE_NLS 1
#define HAVE_LIBVIRT 1
#define HAVE_GTK_VNC 1
#define HAVE_SPICE_GTK 1
#define HAVE_WINDOWS_H 1
#define BUILDID ""

configure: exit 0
